Log file open, 02/17/22 14:33:41
LogInit: Display: Running engine for game: ToonTank
LogPlatformFile: Not using cached read wrapper
LogTaskGraph: Started task graph with 5 named threads and 23 total threads with 3 sets of task threads.
LogStats: Stats thread started at 2.083220
LogD3D11RHI: Loaded GFSDK_Aftermath_Lib.x64.dll
LogICUInternationalization: ICU TimeZone Detection - Raw Offset: +1:00, Platform Override: ''
LogPluginManager: Mounting plugin Paper2D
LogPluginManager: Mounting plugin AISupport
LogPluginManager: Mounting plugin LightPropagationVolume
LogPluginManager: Mounting plugin CameraShakePreviewer
LogPluginManager: Mounting plugin ActorLayerUtilities
LogPluginManager: Mounting plugin AnimationSharing
LogPluginManager: Mounting plugin CLionSourceCodeAccess
LogPluginManager: Mounting plugin CodeLiteSourceCodeAccess
LogPluginManager: Mounting plugin GitSourceControl
LogPluginManager: Mounting plugin KDevelopSourceCodeAccess
LogPluginManager: Mounting plugin NullSourceCodeAccess
LogPluginManager: Mounting plugin PerforceSourceControl
LogPluginManager: Mounting plugin PlasticSourceControl
LogPluginManager: Mounting plugin RiderSourceCodeAccess
LogPluginManager: Mounting plugin SubversionSourceControl
LogPluginManager: Mounting plugin UObjectPlugin
LogPluginManager: Mounting plugin VisualStudioCodeSourceCodeAccess
LogPluginManager: Mounting plugin VisualStudioSourceCodeAccess
LogPluginManager: Mounting plugin XCodeSourceCodeAccess
LogPluginManager: Mounting plugin AssetManagerEditor
LogPluginManager: Mounting plugin CryptoKeys
LogPluginManager: Mounting plugin CurveEditorTools
LogPluginManager: Mounting plugin DataValidation
LogPluginManager: Mounting plugin EditorScriptingUtilities
LogPluginManager: Mounting plugin FacialAnimation
LogPluginManager: Mounting plugin GameplayTagsEditor
LogPluginManager: Mounting plugin GeometryMode
LogPluginManager: Mounting plugin MacGraphicsSwitching
LogPluginManager: Mounting plugin MaterialAnalyzer
LogPluginManager: Mounting plugin MobileLauncherProfileWizard
LogPluginManager: Mounting plugin PluginBrowser
LogPluginManager: Mounting plugin SpeedTreeImporter
LogPluginManager: Mounting plugin DatasmithContent
LogPluginManager: Mounting plugin VariantManagerContent
LogPluginManager: Mounting plugin AlembicImporter
LogPluginManager: Mounting plugin AutomationUtils
LogPluginManager: Mounting plugin BackChannel
LogPluginManager: Mounting plugin ChaosCloth
LogPluginManager: Mounting plugin ChaosClothEditor
LogPluginManager: Mounting plugin ChaosEditor
LogPluginManager: Mounting plugin ChaosNiagara
LogPluginManager: Mounting plugin ChaosSolverPlugin
LogPluginManager: Mounting plugin CharacterAI
LogPluginManager: Mounting plugin GeometryCache
LogPluginManager: Mounting plugin GeometryCollectionPlugin
LogPluginManager: Mounting plugin GeometryProcessing
LogPluginManager: Mounting plugin PlanarCut
LogPluginManager: Mounting plugin PlatformCrypto
LogPluginManager: Mounting plugin ProxyLODPlugin
LogPluginManager: Mounting plugin SkeletalReduction
LogPluginManager: Mounting plugin Niagara
LogPluginManager: Mounting plugin MagicLeap
LogPluginManager: Mounting plugin MagicLeapLightEstimation
LogPluginManager: Mounting plugin MagicLeapMedia
LogPluginManager: Mounting plugin MagicLeapPassableWorld
LogPluginManager: Mounting plugin MLSDK
LogPluginManager: Mounting plugin AndroidMedia
LogPluginManager: Mounting plugin AvfMedia
LogPluginManager: Mounting plugin ImgMedia
LogPluginManager: Mounting plugin MediaCompositing
LogPluginManager: Mounting plugin MediaPlayerEditor
LogPluginManager: Mounting plugin WebMMedia
LogPluginManager: Mounting plugin WmfMedia
LogPluginManager: Mounting plugin MeshPainting
LogPluginManager: Mounting plugin TcpMessaging
LogPluginManager: Mounting plugin UdpMessaging
LogPluginManager: Mounting plugin ActorSequence
LogPluginManager: Mounting plugin LevelSequenceEditor
LogPluginManager: Mounting plugin MatineeToLevelSequence
LogPluginManager: Mounting plugin MovieRenderPipeline
LogPluginManager: Mounting plugin TemplateSequence
LogPluginManager: Mounting plugin NetcodeUnitTest
LogPluginManager: Mounting plugin NUTUnrealEngine4
LogPluginManager: Mounting plugin OnlineSubsystemGooglePlay
LogPluginManager: Mounting plugin OnlineSubsystemIOS
LogPluginManager: Mounting plugin OnlineSubsystem
LogPluginManager: Mounting plugin OnlineSubsystemNull
LogPluginManager: Mounting plugin OnlineSubsystemUtils
LogPluginManager: Mounting plugin LauncherChunkInstaller
LogPluginManager: Mounting plugin AndroidDeviceProfileSelector
LogPluginManager: Mounting plugin AndroidMoviePlayer
LogPluginManager: Mounting plugin AndroidPermission
LogPluginManager: Mounting plugin AppleImageUtils
LogPluginManager: Mounting plugin AppleMoviePlayer
LogPluginManager: Mounting plugin ArchVisCharacter
LogPluginManager: Mounting plugin AssetTags
LogPluginManager: Mounting plugin AudioCapture
LogPluginManager: Mounting plugin CableComponent
LogPluginManager: Mounting plugin CustomMeshComponent
LogPluginManager: Mounting plugin EditableMesh
LogPluginManager: Mounting plugin ExampleDeviceProfileSelector
LogPluginManager: Mounting plugin GoogleCloudMessaging
LogPluginManager: Mounting plugin GooglePAD
LogPluginManager: Mounting plugin IOSDeviceProfileSelector
LogPluginManager: Mounting plugin LinuxDeviceProfileSelector
LogPluginManager: Mounting plugin LocationServicesBPLibrary
LogPluginManager: Mounting plugin MobilePatchingUtils
LogPluginManager: Mounting plugin OculusVR
LogPluginManager: Mounting plugin PhysXVehicles
LogPluginManager: Mounting plugin PostSplashScreen
LogPluginManager: Mounting plugin ProceduralMeshComponent
LogPluginManager: Mounting plugin RuntimePhysXCooking
LogPluginManager: Mounting plugin SignificanceManager
LogPluginManager: Mounting plugin SoundFields
LogPluginManager: Mounting plugin SteamVR
LogPluginManager: Mounting plugin Synthesis
LogPluginManager: Mounting plugin WebMMoviePlayer
LogPluginManager: Mounting plugin WindowsMoviePlayer
LogPluginManager: Mounting plugin ScreenshotTools
LogInit: Using libcurl 7.55.1-DEV
LogInit:  - built for x86_64-pc-win32
LogInit:  - supports SSL with OpenSSL/1.1.1
LogInit:  - supports HTTP deflate (compression) using libz 1.2.8
LogInit:  - other features:
LogInit:      CURL_VERSION_SSL
LogInit:      CURL_VERSION_LIBZ
LogInit:      CURL_VERSION_IPV6
LogInit:      CURL_VERSION_ASYNCHDNS
LogInit:      CURL_VERSION_LARGEFILE
LogInit:      CURL_VERSION_IDN
LogInit:  CurlRequestOptions (configurable via config and command line):
LogInit:  - bVerifyPeer = true  - Libcurl will verify peer certificate
LogInit:  - bUseHttpProxy = false  - Libcurl will NOT use HTTP proxy
LogInit:  - bDontReuseConnections = false  - Libcurl will reuse connections
LogInit:  - MaxHostConnections = 16  - Libcurl will limit the number of connections to a host
LogInit:  - LocalHostAddr = Default
LogInit:  - BufferSize = 65536
LogOnline: OSS: Creating online subsystem instance for: NULL
LogInit: WinSock: version 1.1 (2.2), MaxSocks=32767, MaxUdp=65467
LogOnline: OSS: TryLoadSubsystemAndSetDefault: Loaded subsystem for module [NULL]
LogInit: Build: ++UE4+Release-4.25-CL-14469661
LogInit: Engine Version: 4.25.4-14469661+++UE4+Release-4.25
LogInit: Compatible Engine Version: 4.25.0-13144385+++UE4+Release-4.25
LogInit: Net CL: 13144385
LogInit: OS: Windows 10 (Release 2009) (), CPU: Intel(R) Core(TM) i7-7700K CPU @ 4.20GHz, GPU: NVIDIA GeForce GTX 1080 Ti
LogInit: Compiled (64-bit): Oct 11 2020 08:10:49
LogInit: Compiled with Visual C++: 19.24.28315.00
LogInit: Build Configuration: Development
LogInit: Branch Name: ++UE4+Release-4.25
LogInit: Command Line:  -skipcompile
LogInit: Base Directory: D:/UE_4.25/Engine/Binaries/Win64/
LogInit: Allocator: TBB
LogInit: Installed Engine Build: 1
LogDevObjectVersion: Number of dev versions registered: 26
LogDevObjectVersion:   Dev-Blueprints (B0D832E4-1F89-4F0D-ACCF-7EB736FD4AA2): 10
LogDevObjectVersion:   Dev-Build (E1C64328-A22C-4D53-A36C-8E866417BD8C): 0
LogDevObjectVersion:   Dev-Core (375EC13C-06E4-48FB-B500-84F0262A717E): 4
LogDevObjectVersion:   Dev-Editor (E4B068ED-F494-42E9-A231-DA0B2E46BB41): 38
LogDevObjectVersion:   Dev-Framework (CFFC743F-43B0-4480-9391-14DF171D2073): 37
LogDevObjectVersion:   Dev-Mobile (B02B49B5-BB20-44E9-A304-32B752E40360): 2
LogDevObjectVersion:   Dev-Networking (A4E4105C-59A1-49B5-A7C5-40C4547EDFEE): 0
LogDevObjectVersion:   Dev-Online (39C831C9-5AE6-47DC-9A44-9C173E1C8E7C): 0
LogDevObjectVersion:   Dev-Physics (78F01B33-EBEA-4F98-B9B4-84EACCB95AA2): 4
LogDevObjectVersion:   Dev-Platform (6631380F-2D4D-43E0-8009-CF276956A95A): 0
LogDevObjectVersion:   Dev-Rendering (12F88B9F-8875-4AFC-A67C-D90C383ABD29): 43
LogDevObjectVersion:   Dev-Sequencer (7B5AE74C-D270-4C10-A958-57980B212A5A): 12
LogDevObjectVersion:   Dev-VR (D7296918-1DD6-4BDD-9DE2-64A83CC13884): 3
LogDevObjectVersion:   Dev-LoadTimes (C2A15278-BFE7-4AFE-6C17-90FF531DF755): 1
LogDevObjectVersion:   Private-Geometry (6EACA3D4-40EC-4CC1-B786-8BED09428FC5): 3
LogDevObjectVersion:   Dev-AnimPhys (29E575DD-E0A3-4627-9D10-D276232CDCEA): 17
LogDevObjectVersion:   Dev-Anim (AF43A65D-7FD3-4947-9873-3E8ED9C1BB05): 7
LogDevObjectVersion:   Dev-ReflectionCapture (6B266CEC-1EC7-4B8F-A30B-E4D90942FC07): 1
LogDevObjectVersion:   Dev-Automation (0DF73D61-A23F-47EA-B727-89E90C41499A): 1
LogDevObjectVersion:   FortniteMain (601D1886-AC64-4F84-AA16-D3DE0DEAC7D6): 31
LogDevObjectVersion:   Dev-Enterprise (9DFFBCD6-494F-0158-E221-12823C92A888): 10
LogDevObjectVersion:   Dev-Niagara (F2AED0AC-9AFE-416F-8664-AA7FFA26D6FC): 1
LogDevObjectVersion:   Dev-Destruction (174F1F0B-B4C6-45A5-B13F-2EE8D0FB917D): 10
LogDevObjectVersion:   Dev-Physics-Ext (35F94A83-E258-406C-A318-09F59610247C): 37
LogDevObjectVersion:   Dev-PhysicsMaterial-Chaos (B68FC16E-8B1B-42E2-B453-215C058844FE): 1
LogDevObjectVersion:   Dev-CineCamera (B2E18506-4273-CFC2-A54E-F4BB758BBA07): 1
LogInit: Presizing for max 25165824 objects, including 0 objects not considered by GC, pre-allocating 0 bytes for permanent pool.
LogConfig: Applying CVar settings from Section [/Script/Engine.StreamingSettings] File [D:/Git/ToonTank/ToonTank/Saved/Config/Windows/Engine.ini]
LogConfig: Setting CVar [[s.MinBulkDataSizeForAsyncLoading:131072]]
LogConfig: Setting CVar [[s.AsyncLoadingThreadEnabled:0]]
LogConfig: Setting CVar [[s.EventDrivenLoaderEnabled:1]]
LogConfig: Setting CVar [[s.WarnIfTimeLimitExceeded:0]]
LogConfig: Setting CVar [[s.TimeLimitExceededMultiplier:1.5]]
LogConfig: Setting CVar [[s.TimeLimitExceededMinTime:0.005]]
LogConfig: Setting CVar [[s.UseBackgroundLevelStreaming:1]]
LogConfig: Setting CVar [[s.PriorityAsyncLoadingExtraTime:15.0]]
LogConfig: Setting CVar [[s.LevelStreamingActorsUpdateTimeLimit:5.0]]
LogConfig: Setting CVar [[s.PriorityLevelStreamingActorsUpdateExtraTime:5.0]]
LogConfig: Setting CVar [[s.LevelStreamingComponentsRegistrationGranularity:10]]
LogConfig: Setting CVar [[s.UnregisterComponentsTimeLimit:1.0]]
LogConfig: Setting CVar [[s.LevelStreamingComponentsUnregistrationGranularity:5]]
LogConfig: Setting CVar [[s.FlushStreamingOnExit:1]]
LogInit: Object subsystem initialized
LogConfig: Setting CVar [[con.DebugEarlyDefault:1]]
LogConfig: Setting CVar [[r.setres:1280x720]]
[2022.02.17-13.33.42:212][  0]LogConfig: Setting CVar [[r.VSync:0]]
[2022.02.17-13.33.42:212][  0]LogConfig: Setting CVar [[r.RHICmdBypass:0]]
[2022.02.17-13.33.42:212][  0]LogConfig: Applying CVar settings from Section [/Script/Engine.RendererSettings] File [D:/Git/ToonTank/ToonTank/Saved/Config/Windows/Engine.ini]
[2022.02.17-13.33.42:212][  0]LogConfig: Setting CVar [[r.GPUCrashDebugging:0]]
[2022.02.17-13.33.42:213][  0]LogConfig: Applying CVar settings from Section [/Script/Engine.RendererOverrideSettings] File [D:/Git/ToonTank/ToonTank/Saved/Config/Windows/Engine.ini]
[2022.02.17-13.33.42:213][  0]LogConfig: Applying CVar settings from Section [/Script/Engine.StreamingSettings] File [D:/Git/ToonTank/ToonTank/Saved/Config/Windows/Engine.ini]
[2022.02.17-13.33.42:213][  0]LogConfig: Setting CVar [[s.MinBulkDataSizeForAsyncLoading:131072]]
[2022.02.17-13.33.42:213][  0]LogConfig: Setting CVar [[s.AsyncLoadingThreadEnabled:0]]
[2022.02.17-13.33.42:213][  0]LogConfig: Setting CVar [[s.EventDrivenLoaderEnabled:1]]
[2022.02.17-13.33.42:213][  0]LogConfig: Setting CVar [[s.WarnIfTimeLimitExceeded:0]]
[2022.02.17-13.33.42:213][  0]LogConfig: Setting CVar [[s.TimeLimitExceededMultiplier:1.5]]
[2022.02.17-13.33.42:213][  0]LogConfig: Setting CVar [[s.TimeLimitExceededMinTime:0.005]]
[2022.02.17-13.33.42:213][  0]LogConfig: Setting CVar [[s.UseBackgroundLevelStreaming:1]]
[2022.02.17-13.33.42:213][  0]LogConfig: Setting CVar [[s.PriorityAsyncLoadingExtraTime:15.0]]
[2022.02.17-13.33.42:213][  0]LogConfig: Setting CVar [[s.LevelStreamingActorsUpdateTimeLimit:5.0]]
[2022.02.17-13.33.42:213][  0]LogConfig: Setting CVar [[s.PriorityLevelStreamingActorsUpdateExtraTime:5.0]]
[2022.02.17-13.33.42:213][  0]LogConfig: Setting CVar [[s.LevelStreamingComponentsRegistrationGranularity:10]]
[2022.02.17-13.33.42:213][  0]LogConfig: Setting CVar [[s.UnregisterComponentsTimeLimit:1.0]]
[2022.02.17-13.33.42:213][  0]LogConfig: Setting CVar [[s.LevelStreamingComponentsUnregistrationGranularity:5]]
[2022.02.17-13.33.42:213][  0]LogConfig: Setting CVar [[s.FlushStreamingOnExit:1]]
[2022.02.17-13.33.42:213][  0]LogConfig: Applying CVar settings from Section [/Script/Engine.GarbageCollectionSettings] File [D:/Git/ToonTank/ToonTank/Saved/Config/Windows/Engine.ini]
[2022.02.17-13.33.42:213][  0]LogConfig: Setting CVar [[gc.MaxObjectsNotConsideredByGC:1]]
[2022.02.17-13.33.42:213][  0]LogConfig: Setting CVar [[gc.SizeOfPermanentObjectPool:0]]
[2022.02.17-13.33.42:213][  0]LogConfig: Setting CVar [[gc.FlushStreamingOnGC:0]]
[2022.02.17-13.33.42:213][  0]LogConfig: Setting CVar [[gc.NumRetriesBeforeForcingGC:10]]
[2022.02.17-13.33.42:213][  0]LogConfig: Setting CVar [[gc.AllowParallelGC:1]]
[2022.02.17-13.33.42:213][  0]LogConfig: Setting CVar [[gc.TimeBetweenPurgingPendingKillObjects:61.1]]
[2022.02.17-13.33.42:214][  0]LogConfig: Setting CVar [[gc.MaxObjectsInEditor:25165824]]
[2022.02.17-13.33.42:214][  0]LogConfig: Setting CVar [[gc.IncrementalBeginDestroyEnabled:1]]
[2022.02.17-13.33.42:214][  0]LogConfig: Setting CVar [[gc.CreateGCClusters:1]]
[2022.02.17-13.33.42:214][  0]LogConfig: Setting CVar [[gc.MinGCClusterSize:5]]
[2022.02.17-13.33.42:214][  0]LogConfig: Setting CVar [[gc.ActorClusteringEnabled:0]]
[2022.02.17-13.33.42:214][  0]LogConfig: Setting CVar [[gc.BlueprintClusteringEnabled:0]]
[2022.02.17-13.33.42:214][  0]LogConfig: Setting CVar [[gc.UseDisregardForGCOnDedicatedServers:0]]
[2022.02.17-13.33.42:214][  0]LogConfig: Applying CVar settings from Section [/Script/Engine.NetworkSettings] File [D:/Git/ToonTank/ToonTank/Saved/Config/Windows/Engine.ini]
[2022.02.17-13.33.42:214][  0]LogConfig: Applying CVar settings from Section [/Script/UnrealEd.CookerSettings] File [D:/Git/ToonTank/ToonTank/Saved/Config/Windows/Engine.ini]
[2022.02.17-13.33.42:221][  0]LogConfig: Applying CVar settings from Section [ViewDistanceQuality@3] File [D:/Git/ToonTank/ToonTank/Saved/Config/Windows/Scalability.ini]
[2022.02.17-13.33.42:221][  0]LogConfig: Setting CVar [[r.SkeletalMeshLODBias:0]]
[2022.02.17-13.33.42:221][  0]LogConfig: Setting CVar [[r.ViewDistanceScale:1.0]]
[2022.02.17-13.33.42:221][  0]LogConfig: Applying CVar settings from Section [AntiAliasingQuality@3] File [D:/Git/ToonTank/ToonTank/Saved/Config/Windows/Scalability.ini]
[2022.02.17-13.33.42:221][  0]LogConfig: Setting CVar [[r.PostProcessAAQuality:4]]
[2022.02.17-13.33.42:222][  0]LogConfig: Applying CVar settings from Section [ShadowQuality@3] File [D:/Git/ToonTank/ToonTank/Saved/Config/Windows/Scalability.ini]
[2022.02.17-13.33.42:222][  0]LogConfig: Setting CVar [[r.LightFunctionQuality:1]]
[2022.02.17-13.33.42:222][  0]LogConfig: Setting CVar [[r.ShadowQuality:5]]
[2022.02.17-13.33.42:222][  0]LogConfig: Setting CVar [[r.Shadow.CSM.MaxCascades:10]]
[2022.02.17-13.33.42:222][  0]LogConfig: Setting CVar [[r.Shadow.MaxResolution:2048]]
[2022.02.17-13.33.42:222][  0]LogConfig: Setting CVar [[r.Shadow.MaxCSMResolution:2048]]
[2022.02.17-13.33.42:222][  0]LogConfig: Setting CVar [[r.Shadow.RadiusThreshold:0.01]]
[2022.02.17-13.33.42:222][  0]LogConfig: Setting CVar [[r.Shadow.DistanceScale:1.0]]
[2022.02.17-13.33.42:222][  0]LogConfig: Setting CVar [[r.Shadow.CSM.TransitionScale:1.0]]
[2022.02.17-13.33.42:222][  0]LogConfig: Setting CVar [[r.Shadow.PreShadowResolutionFactor:1.0]]
[2022.02.17-13.33.42:222][  0]LogConfig: Setting CVar [[r.DistanceFieldShadowing:1]]
[2022.02.17-13.33.42:222][  0]LogConfig: Setting CVar [[r.DistanceFieldAO:1]]
[2022.02.17-13.33.42:222][  0]LogConfig: Setting CVar [[r.AOQuality:2]]
[2022.02.17-13.33.42:222][  0]LogConfig: Setting CVar [[r.VolumetricFog:1]]
[2022.02.17-13.33.42:222][  0]LogConfig: Setting CVar [[r.VolumetricFog.GridPixelSize:8]]
[2022.02.17-13.33.42:222][  0]LogConfig: Setting CVar [[r.VolumetricFog.GridSizeZ:128]]
[2022.02.17-13.33.42:222][  0]LogConfig: Setting CVar [[r.VolumetricFog.HistoryMissSupersampleCount:4]]
[2022.02.17-13.33.42:222][  0]LogConfig: Setting CVar [[r.LightMaxDrawDistanceScale:1]]
[2022.02.17-13.33.42:222][  0]LogConfig: Setting CVar [[r.CapsuleShadows:1]]
[2022.02.17-13.33.42:222][  0]LogConfig: Applying CVar settings from Section [PostProcessQuality@3] File [D:/Git/ToonTank/ToonTank/Saved/Config/Windows/Scalability.ini]
[2022.02.17-13.33.42:222][  0]LogConfig: Setting CVar [[r.MotionBlurQuality:4]]
[2022.02.17-13.33.42:222][  0]LogConfig: Setting CVar [[r.AmbientOcclusionMipLevelFactor:0.4]]
[2022.02.17-13.33.42:223][  0]LogConfig: Setting CVar [[r.AmbientOcclusionMaxQuality:100]]
[2022.02.17-13.33.42:223][  0]LogConfig: Setting CVar [[r.AmbientOcclusionLevels:-1]]
[2022.02.17-13.33.42:223][  0]LogConfig: Setting CVar [[r.AmbientOcclusionRadiusScale:1.0]]
[2022.02.17-13.33.42:223][  0]LogConfig: Setting CVar [[r.DepthOfFieldQuality:2]]
[2022.02.17-13.33.42:223][  0]LogConfig: Setting CVar [[r.RenderTargetPoolMin:400]]
[2022.02.17-13.33.42:223][  0]LogConfig: Setting CVar [[r.LensFlareQuality:2]]
[2022.02.17-13.33.42:223][  0]LogConfig: Setting CVar [[r.SceneColorFringeQuality:1]]
[2022.02.17-13.33.42:223][  0]LogConfig: Setting CVar [[r.EyeAdaptationQuality:2]]
[2022.02.17-13.33.42:223][  0]LogConfig: Setting CVar [[r.BloomQuality:5]]
[2022.02.17-13.33.42:223][  0]LogConfig: Setting CVar [[r.FastBlurThreshold:100]]
[2022.02.17-13.33.42:223][  0]LogConfig: Setting CVar [[r.Upscale.Quality:3]]
[2022.02.17-13.33.42:223][  0]LogConfig: Setting CVar [[r.Tonemapper.GrainQuantization:1]]
[2022.02.17-13.33.42:223][  0]LogConfig: Setting CVar [[r.LightShaftQuality:1]]
[2022.02.17-13.33.42:223][  0]LogConfig: Setting CVar [[r.Filter.SizeScale:1]]
[2022.02.17-13.33.42:223][  0]LogConfig: Setting CVar [[r.Tonemapper.Quality:5]]
[2022.02.17-13.33.42:223][  0]LogConfig: Setting CVar [[r.DOF.Gather.AccumulatorQuality:1        ; higher gathering accumulator quality]]
[2022.02.17-13.33.42:223][  0]LogConfig: Setting CVar [[r.DOF.Gather.PostfilterMethod:1          ; Median3x3 postfilering method]]
[2022.02.17-13.33.42:223][  0]LogConfig: Setting CVar [[r.DOF.Gather.EnableBokehSettings:0       ; no bokeh simulation when gathering]]
[2022.02.17-13.33.42:223][  0]LogConfig: Setting CVar [[r.DOF.Gather.RingCount:4                 ; medium number of samples when gathering]]
[2022.02.17-13.33.42:223][  0]LogConfig: Setting CVar [[r.DOF.Scatter.ForegroundCompositing:1    ; additive foreground scattering]]
[2022.02.17-13.33.42:223][  0]LogConfig: Setting CVar [[r.DOF.Scatter.BackgroundCompositing:2    ; additive background scattering]]
[2022.02.17-13.33.42:223][  0]LogConfig: Setting CVar [[r.DOF.Scatter.EnableBokehSettings:1      ; bokeh simulation when scattering]]
[2022.02.17-13.33.42:223][  0]LogConfig: Setting CVar [[r.DOF.Scatter.MaxSpriteRatio:0.1         ; only a maximum of 10% of scattered bokeh]]
[2022.02.17-13.33.42:224][  0]LogConfig: Setting CVar [[r.DOF.Recombine.Quality:1                ; cheap slight out of focus]]
[2022.02.17-13.33.42:224][  0]LogConfig: Setting CVar [[r.DOF.Recombine.EnableBokehSettings:0    ; no bokeh simulation on slight out of focus]]
[2022.02.17-13.33.42:224][  0]LogConfig: Setting CVar [[r.DOF.TemporalAAQuality:1                ; more stable temporal accumulation]]
[2022.02.17-13.33.42:224][  0]LogConfig: Setting CVar [[r.DOF.Kernel.MaxForegroundRadius:0.025]]
[2022.02.17-13.33.42:224][  0]LogConfig: Setting CVar [[r.DOF.Kernel.MaxBackgroundRadius:0.025]]
[2022.02.17-13.33.42:224][  0]LogConfig: Applying CVar settings from Section [TextureQuality@3] File [D:/Git/ToonTank/ToonTank/Saved/Config/Windows/Scalability.ini]
[2022.02.17-13.33.42:224][  0]LogConfig: Setting CVar [[r.Streaming.MipBias:0]]
[2022.02.17-13.33.42:224][  0]LogConfig: Setting CVar [[r.Streaming.AmortizeCPUToGPUCopy:0]]
[2022.02.17-13.33.42:224][  0]LogConfig: Setting CVar [[r.Streaming.MaxNumTexturesToStreamPerFrame:0]]
[2022.02.17-13.33.42:224][  0]LogConfig: Setting CVar [[r.Streaming.Boost:1]]
[2022.02.17-13.33.42:224][  0]LogConfig: Setting CVar [[r.MaxAnisotropy:8]]
[2022.02.17-13.33.42:224][  0]LogConfig: Setting CVar [[r.VT.MaxAnisotropy:8]]
[2022.02.17-13.33.42:224][  0]LogConfig: Setting CVar [[r.Streaming.LimitPoolSizeToVRAM:0]]
[2022.02.17-13.33.42:224][  0]LogConfig: Setting CVar [[r.Streaming.PoolSize:1000]]
[2022.02.17-13.33.42:224][  0]LogConfig: Setting CVar [[r.Streaming.MaxEffectiveScreenSize:0]]
[2022.02.17-13.33.42:224][  0]LogConfig: Applying CVar settings from Section [EffectsQuality@3] File [D:/Git/ToonTank/ToonTank/Saved/Config/Windows/Scalability.ini]
[2022.02.17-13.33.42:224][  0]LogConfig: Setting CVar [[r.TranslucencyLightingVolumeDim:64]]
[2022.02.17-13.33.42:224][  0]LogConfig: Setting CVar [[r.RefractionQuality:2]]
[2022.02.17-13.33.42:224][  0]LogConfig: Setting CVar [[r.SSR.Quality:3]]
[2022.02.17-13.33.42:224][  0]LogConfig: Setting CVar [[r.SSR.HalfResSceneColor:0]]
[2022.02.17-13.33.42:224][  0]LogConfig: Setting CVar [[r.SceneColorFormat:4]]
[2022.02.17-13.33.42:224][  0]LogConfig: Setting CVar [[r.DetailMode:2]]
[2022.02.17-13.33.42:224][  0]LogConfig: Setting CVar [[r.TranslucencyVolumeBlur:1]]
[2022.02.17-13.33.42:224][  0]LogConfig: Setting CVar [[r.MaterialQualityLevel:1 ; High quality]]
[2022.02.17-13.33.42:224][  0]LogConfig: Setting CVar [[r.SSS.Scale:1]]
[2022.02.17-13.33.42:225][  0]LogConfig: Setting CVar [[r.SSS.SampleSet:2]]
[2022.02.17-13.33.42:225][  0]LogConfig: Setting CVar [[r.SSS.Quality:1]]
[2022.02.17-13.33.42:225][  0]LogConfig: Setting CVar [[r.SSS.HalfRes:0]]
[2022.02.17-13.33.42:225][  0]LogConfig: Setting CVar [[r.SSGI.Quality:3]]
[2022.02.17-13.33.42:225][  0]LogConfig: Setting CVar [[r.EmitterSpawnRateScale:1.0]]
[2022.02.17-13.33.42:225][  0]LogConfig: Setting CVar [[r.ParticleLightQuality:2]]
[2022.02.17-13.33.42:225][  0]LogConfig: Setting CVar [[r.SkyAtmosphere.AerialPerspectiveLUT.FastApplyOnOpaque:1 ; Always have FastSkyLUT 1 in this case to avoid wrong sky]]
[2022.02.17-13.33.42:225][  0]LogConfig: Setting CVar [[r.SkyAtmosphere.AerialPerspectiveLUT.SampleCountPerSlice:1]]
[2022.02.17-13.33.42:225][  0]LogConfig: Setting CVar [[r.SkyAtmosphere.AerialPerspectiveLUT.DepthResolution:16.0]]
[2022.02.17-13.33.42:225][  0]LogConfig: Setting CVar [[r.SkyAtmosphere.FastSkyLUT:1]]
[2022.02.17-13.33.42:225][  0]LogConfig: Setting CVar [[r.SkyAtmosphere.FastSkyLUT.SampleCountMin:4.0]]
[2022.02.17-13.33.42:225][  0]LogConfig: Setting CVar [[r.SkyAtmosphere.FastSkyLUT.SampleCountMax:32.0]]
[2022.02.17-13.33.42:225][  0]LogConfig: Setting CVar [[r.SkyAtmosphere.SampleCountMin:4.0]]
[2022.02.17-13.33.42:225][  0]LogConfig: Setting CVar [[r.SkyAtmosphere.SampleCountMax:32.0]]
[2022.02.17-13.33.42:225][  0]LogConfig: Setting CVar [[r.SkyAtmosphere.TransmittanceLUT.UseSmallFormat:0]]
[2022.02.17-13.33.42:225][  0]LogConfig: Setting CVar [[r.SkyAtmosphere.TransmittanceLUT.SampleCount:10.0]]
[2022.02.17-13.33.42:225][  0]LogConfig: Setting CVar [[r.SkyAtmosphere.MultiScatteringLUT.SampleCount:15.0]]
[2022.02.17-13.33.42:225][  0]LogConfig: Applying CVar settings from Section [FoliageQuality@3] File [D:/Git/ToonTank/ToonTank/Saved/Config/Windows/Scalability.ini]
[2022.02.17-13.33.42:225][  0]LogConfig: Setting CVar [[foliage.DensityScale:1.0]]
[2022.02.17-13.33.42:225][  0]LogConfig: Setting CVar [[grass.DensityScale:1.0]]
[2022.02.17-13.33.42:225][  0]LogConfig: Applying CVar settings from Section [ShadingQuality@3] File [D:/Git/ToonTank/ToonTank/Saved/Config/Windows/Scalability.ini]
[2022.02.17-13.33.42:225][  0]LogConfig: Setting CVar [[r.HairStrands.SkyLighting.SampleCount:16]]
[2022.02.17-13.33.42:225][  0]LogConfig: Setting CVar [[r.HairStrands.SkyLighting.JitterIntegration:0]]
[2022.02.17-13.33.42:226][  0]LogConfig: Setting CVar [[r.HairStrands.SkyAO.SampleCount:16]]
[2022.02.17-13.33.42:226][  0]LogConfig: Setting CVar [[r.HairStrands.DeepShadow.SuperSampling:0]]
[2022.02.17-13.33.42:226][  0]LogConfig: Setting CVar [[r.HairStrands.VisibilityPPLL:0]]
[2022.02.17-13.33.42:226][  0]LogConfig: Setting CVar [[r.HairStrands.RasterizationScale:0.5]]
[2022.02.17-13.33.42:226][  0]LogConfig: Setting CVar [[r.HairStrands.VelocityRasterizationScale:1]]
[2022.02.17-13.33.42:226][  0]LogInit: Selected Device Profile: [Windows]
[2022.02.17-13.33.42:226][  0]LogInit: Applying CVar settings loaded from the selected device profile: [Windows]
[2022.02.17-13.33.42:226][  0]LogHAL: Display: Platform has ~ 16 GB [17109757952 / 17179869184 / 16], which maps to Larger [LargestMinGB=32, LargerMinGB=12, DefaultMinGB=8, SmallerMinGB=6, SmallestMinGB=0)
[2022.02.17-13.33.42:226][  0]LogInit: Going up to parent DeviceProfile []
[2022.02.17-13.33.42:226][  0]LogConfig: Applying CVar settings from Section [ViewDistanceQuality@3] File [D:/Git/ToonTank/ToonTank/Saved/Config/Windows/Scalability.ini]
[2022.02.17-13.33.42:226][  0]LogConfig: Setting CVar [[r.SkeletalMeshLODBias:0]]
[2022.02.17-13.33.42:226][  0]LogConfig: Setting CVar [[r.ViewDistanceScale:1.0]]
[2022.02.17-13.33.42:226][  0]LogConfig: Applying CVar settings from Section [AntiAliasingQuality@3] File [D:/Git/ToonTank/ToonTank/Saved/Config/Windows/Scalability.ini]
[2022.02.17-13.33.42:226][  0]LogConfig: Setting CVar [[r.PostProcessAAQuality:4]]
[2022.02.17-13.33.42:226][  0]LogConfig: Applying CVar settings from Section [ShadowQuality@3] File [D:/Git/ToonTank/ToonTank/Saved/Config/Windows/Scalability.ini]
[2022.02.17-13.33.42:226][  0]LogConfig: Setting CVar [[r.LightFunctionQuality:1]]
[2022.02.17-13.33.42:226][  0]LogConfig: Setting CVar [[r.ShadowQuality:5]]
[2022.02.17-13.33.42:226][  0]LogConfig: Setting CVar [[r.Shadow.CSM.MaxCascades:10]]
[2022.02.17-13.33.42:226][  0]LogConfig: Setting CVar [[r.Shadow.MaxResolution:2048]]
[2022.02.17-13.33.42:226][  0]LogConfig: Setting CVar [[r.Shadow.MaxCSMResolution:2048]]
[2022.02.17-13.33.42:226][  0]LogConfig: Setting CVar [[r.Shadow.RadiusThreshold:0.01]]
[2022.02.17-13.33.42:226][  0]LogConfig: Setting CVar [[r.Shadow.DistanceScale:1.0]]
[2022.02.17-13.33.42:226][  0]LogConfig: Setting CVar [[r.Shadow.CSM.TransitionScale:1.0]]
[2022.02.17-13.33.42:226][  0]LogConfig: Setting CVar [[r.Shadow.PreShadowResolutionFactor:1.0]]
[2022.02.17-13.33.42:226][  0]LogConfig: Setting CVar [[r.DistanceFieldShadowing:1]]
[2022.02.17-13.33.42:226][  0]LogConfig: Setting CVar [[r.DistanceFieldAO:1]]
[2022.02.17-13.33.42:226][  0]LogConfig: Setting CVar [[r.AOQuality:2]]
[2022.02.17-13.33.42:226][  0]LogConfig: Setting CVar [[r.VolumetricFog:1]]
[2022.02.17-13.33.42:226][  0]LogConfig: Setting CVar [[r.VolumetricFog.GridPixelSize:8]]
[2022.02.17-13.33.42:227][  0]LogConfig: Setting CVar [[r.VolumetricFog.GridSizeZ:128]]
[2022.02.17-13.33.42:227][  0]LogConfig: Setting CVar [[r.VolumetricFog.HistoryMissSupersampleCount:4]]
[2022.02.17-13.33.42:227][  0]LogConfig: Setting CVar [[r.LightMaxDrawDistanceScale:1]]
[2022.02.17-13.33.42:227][  0]LogConfig: Setting CVar [[r.CapsuleShadows:1]]
[2022.02.17-13.33.42:227][  0]LogConfig: Applying CVar settings from Section [PostProcessQuality@3] File [D:/Git/ToonTank/ToonTank/Saved/Config/Windows/Scalability.ini]
[2022.02.17-13.33.42:227][  0]LogConfig: Setting CVar [[r.MotionBlurQuality:4]]
[2022.02.17-13.33.42:227][  0]LogConfig: Setting CVar [[r.AmbientOcclusionMipLevelFactor:0.4]]
[2022.02.17-13.33.42:227][  0]LogConfig: Setting CVar [[r.AmbientOcclusionMaxQuality:100]]
[2022.02.17-13.33.42:227][  0]LogConfig: Setting CVar [[r.AmbientOcclusionLevels:-1]]
[2022.02.17-13.33.42:227][  0]LogConfig: Setting CVar [[r.AmbientOcclusionRadiusScale:1.0]]
[2022.02.17-13.33.42:227][  0]LogConfig: Setting CVar [[r.DepthOfFieldQuality:2]]
[2022.02.17-13.33.42:227][  0]LogConfig: Setting CVar [[r.RenderTargetPoolMin:400]]
[2022.02.17-13.33.42:227][  0]LogConfig: Setting CVar [[r.LensFlareQuality:2]]
[2022.02.17-13.33.42:227][  0]LogConfig: Setting CVar [[r.SceneColorFringeQuality:1]]
[2022.02.17-13.33.42:227][  0]LogConfig: Setting CVar [[r.EyeAdaptationQuality:2]]
[2022.02.17-13.33.42:227][  0]LogConfig: Setting CVar [[r.BloomQuality:5]]
[2022.02.17-13.33.42:227][  0]LogConfig: Setting CVar [[r.FastBlurThreshold:100]]
[2022.02.17-13.33.42:227][  0]LogConfig: Setting CVar [[r.Upscale.Quality:3]]
[2022.02.17-13.33.42:228][  0]LogConfig: Setting CVar [[r.Tonemapper.GrainQuantization:1]]
[2022.02.17-13.33.42:228][  0]LogConfig: Setting CVar [[r.LightShaftQuality:1]]
[2022.02.17-13.33.42:228][  0]LogConfig: Setting CVar [[r.Filter.SizeScale:1]]
[2022.02.17-13.33.42:228][  0]LogConfig: Setting CVar [[r.Tonemapper.Quality:5]]
[2022.02.17-13.33.42:228][  0]LogConfig: Setting CVar [[r.DOF.Gather.AccumulatorQuality:1        ; higher gathering accumulator quality]]
[2022.02.17-13.33.42:228][  0]LogConfig: Setting CVar [[r.DOF.Gather.PostfilterMethod:1          ; Median3x3 postfilering method]]
[2022.02.17-13.33.42:228][  0]LogConfig: Setting CVar [[r.DOF.Gather.EnableBokehSettings:0       ; no bokeh simulation when gathering]]
[2022.02.17-13.33.42:228][  0]LogConfig: Setting CVar [[r.DOF.Gather.RingCount:4                 ; medium number of samples when gathering]]
[2022.02.17-13.33.42:228][  0]LogConfig: Setting CVar [[r.DOF.Scatter.ForegroundCompositing:1    ; additive foreground scattering]]
[2022.02.17-13.33.42:228][  0]LogConfig: Setting CVar [[r.DOF.Scatter.BackgroundCompositing:2    ; additive background scattering]]
[2022.02.17-13.33.42:228][  0]LogConfig: Setting CVar [[r.DOF.Scatter.EnableBokehSettings:1      ; bokeh simulation when scattering]]
[2022.02.17-13.33.42:228][  0]LogConfig: Setting CVar [[r.DOF.Scatter.MaxSpriteRatio:0.1         ; only a maximum of 10% of scattered bokeh]]
[2022.02.17-13.33.42:228][  0]LogConfig: Setting CVar [[r.DOF.Recombine.Quality:1                ; cheap slight out of focus]]
[2022.02.17-13.33.42:228][  0]LogConfig: Setting CVar [[r.DOF.Recombine.EnableBokehSettings:0    ; no bokeh simulation on slight out of focus]]
[2022.02.17-13.33.42:228][  0]LogConfig: Setting CVar [[r.DOF.TemporalAAQuality:1                ; more stable temporal accumulation]]
[2022.02.17-13.33.42:228][  0]LogConfig: Setting CVar [[r.DOF.Kernel.MaxForegroundRadius:0.025]]
[2022.02.17-13.33.42:229][  0]LogConfig: Setting CVar [[r.DOF.Kernel.MaxBackgroundRadius:0.025]]
[2022.02.17-13.33.42:229][  0]LogConfig: Applying CVar settings from Section [TextureQuality@3] File [D:/Git/ToonTank/ToonTank/Saved/Config/Windows/Scalability.ini]
[2022.02.17-13.33.42:229][  0]LogConfig: Setting CVar [[r.Streaming.MipBias:0]]
[2022.02.17-13.33.42:229][  0]LogConfig: Setting CVar [[r.Streaming.AmortizeCPUToGPUCopy:0]]
[2022.02.17-13.33.42:229][  0]LogConfig: Setting CVar [[r.Streaming.MaxNumTexturesToStreamPerFrame:0]]
[2022.02.17-13.33.42:229][  0]LogConfig: Setting CVar [[r.Streaming.Boost:1]]
[2022.02.17-13.33.42:229][  0]LogConfig: Setting CVar [[r.MaxAnisotropy:8]]
[2022.02.17-13.33.42:229][  0]LogConfig: Setting CVar [[r.VT.MaxAnisotropy:8]]
[2022.02.17-13.33.42:229][  0]LogConfig: Setting CVar [[r.Streaming.LimitPoolSizeToVRAM:0]]
[2022.02.17-13.33.42:229][  0]LogConfig: Setting CVar [[r.Streaming.PoolSize:1000]]
[2022.02.17-13.33.42:229][  0]LogConfig: Setting CVar [[r.Streaming.MaxEffectiveScreenSize:0]]
[2022.02.17-13.33.42:229][  0]LogConfig: Applying CVar settings from Section [EffectsQuality@3] File [D:/Git/ToonTank/ToonTank/Saved/Config/Windows/Scalability.ini]
[2022.02.17-13.33.42:229][  0]LogConfig: Setting CVar [[r.TranslucencyLightingVolumeDim:64]]
[2022.02.17-13.33.42:229][  0]LogConfig: Setting CVar [[r.RefractionQuality:2]]
[2022.02.17-13.33.42:229][  0]LogConfig: Setting CVar [[r.SSR.Quality:3]]
[2022.02.17-13.33.42:229][  0]LogConfig: Setting CVar [[r.SSR.HalfResSceneColor:0]]
[2022.02.17-13.33.42:229][  0]LogConfig: Setting CVar [[r.SceneColorFormat:4]]
[2022.02.17-13.33.42:229][  0]LogConfig: Setting CVar [[r.DetailMode:2]]
[2022.02.17-13.33.42:229][  0]LogConfig: Setting CVar [[r.TranslucencyVolumeBlur:1]]
[2022.02.17-13.33.42:229][  0]LogConfig: Setting CVar [[r.MaterialQualityLevel:1 ; High quality]]
[2022.02.17-13.33.42:229][  0]LogConfig: Setting CVar [[r.SSS.Scale:1]]
[2022.02.17-13.33.42:229][  0]LogConfig: Setting CVar [[r.SSS.SampleSet:2]]
[2022.02.17-13.33.42:230][  0]LogConfig: Setting CVar [[r.SSS.Quality:1]]
[2022.02.17-13.33.42:230][  0]LogConfig: Setting CVar [[r.SSS.HalfRes:0]]
[2022.02.17-13.33.42:230][  0]LogConfig: Setting CVar [[r.SSGI.Quality:3]]
[2022.02.17-13.33.42:230][  0]LogConfig: Setting CVar [[r.EmitterSpawnRateScale:1.0]]
[2022.02.17-13.33.42:230][  0]LogConfig: Setting CVar [[r.ParticleLightQuality:2]]
[2022.02.17-13.33.42:230][  0]LogConfig: Setting CVar [[r.SkyAtmosphere.AerialPerspectiveLUT.FastApplyOnOpaque:1 ; Always have FastSkyLUT 1 in this case to avoid wrong sky]]
[2022.02.17-13.33.42:230][  0]LogConfig: Setting CVar [[r.SkyAtmosphere.AerialPerspectiveLUT.SampleCountPerSlice:1]]
[2022.02.17-13.33.42:230][  0]LogConfig: Setting CVar [[r.SkyAtmosphere.AerialPerspectiveLUT.DepthResolution:16.0]]
[2022.02.17-13.33.42:230][  0]LogConfig: Setting CVar [[r.SkyAtmosphere.FastSkyLUT:1]]
[2022.02.17-13.33.42:230][  0]LogConfig: Setting CVar [[r.SkyAtmosphere.FastSkyLUT.SampleCountMin:4.0]]
[2022.02.17-13.33.42:230][  0]LogConfig: Setting CVar [[r.SkyAtmosphere.FastSkyLUT.SampleCountMax:32.0]]
[2022.02.17-13.33.42:230][  0]LogConfig: Setting CVar [[r.SkyAtmosphere.SampleCountMin:4.0]]
[2022.02.17-13.33.42:230][  0]LogConfig: Setting CVar [[r.SkyAtmosphere.SampleCountMax:32.0]]
[2022.02.17-13.33.42:230][  0]LogConfig: Setting CVar [[r.SkyAtmosphere.TransmittanceLUT.UseSmallFormat:0]]
[2022.02.17-13.33.42:230][  0]LogConfig: Setting CVar [[r.SkyAtmosphere.TransmittanceLUT.SampleCount:10.0]]
[2022.02.17-13.33.42:230][  0]LogConfig: Setting CVar [[r.SkyAtmosphere.MultiScatteringLUT.SampleCount:15.0]]
[2022.02.17-13.33.42:230][  0]LogConfig: Applying CVar settings from Section [FoliageQuality@3] File [D:/Git/ToonTank/ToonTank/Saved/Config/Windows/Scalability.ini]
[2022.02.17-13.33.42:230][  0]LogConfig: Setting CVar [[foliage.DensityScale:1.0]]
[2022.02.17-13.33.42:230][  0]LogConfig: Setting CVar [[grass.DensityScale:1.0]]
[2022.02.17-13.33.42:230][  0]LogConfig: Applying CVar settings from Section [ShadingQuality@3] File [D:/Git/ToonTank/ToonTank/Saved/Config/Windows/Scalability.ini]
[2022.02.17-13.33.42:230][  0]LogConfig: Setting CVar [[r.HairStrands.SkyLighting.SampleCount:16]]
[2022.02.17-13.33.42:230][  0]LogConfig: Setting CVar [[r.HairStrands.SkyLighting.JitterIntegration:0]]
[2022.02.17-13.33.42:231][  0]LogConfig: Setting CVar [[r.HairStrands.SkyAO.SampleCount:16]]
[2022.02.17-13.33.42:231][  0]LogConfig: Setting CVar [[r.HairStrands.DeepShadow.SuperSampling:0]]
[2022.02.17-13.33.42:231][  0]LogConfig: Setting CVar [[r.HairStrands.VisibilityPPLL:0]]
[2022.02.17-13.33.42:231][  0]LogConfig: Setting CVar [[r.HairStrands.RasterizationScale:0.5]]
[2022.02.17-13.33.42:231][  0]LogConfig: Setting CVar [[r.HairStrands.VelocityRasterizationScale:1]]
[2022.02.17-13.33.42:231][  0]LogConfig: Applying CVar settings from Section [Startup] File [../../../Engine/Config/ConsoleVariables.ini]
[2022.02.17-13.33.42:231][  0]LogConfig: Setting CVar [[net.UseAdaptiveNetUpdateFrequency:0]]
[2022.02.17-13.33.42:231][  0]LogConfig: Setting CVar [[p.chaos.AllowCreatePhysxBodies:1]]
[2022.02.17-13.33.42:231][  0]LogConfig: Setting CVar [[fx.SkipVectorVMBackendOptimizations:1]]
[2022.02.17-13.33.42:231][  0]LogConfig: Applying CVar settings from Section [ConsoleVariables] File [D:/Git/ToonTank/ToonTank/Saved/Config/Windows/Engine.ini]
[2022.02.17-13.33.42:231][  0]LogInit: Computer: DESKTOP-JH33GH5
[2022.02.17-13.33.42:231][  0]LogInit: User: hajna
[2022.02.17-13.33.42:232][  0]LogInit: CPU Page size=4096, Cores=4
[2022.02.17-13.33.42:232][  0]LogInit: High frequency timer resolution =10.000000 MHz
[2022.02.17-13.33.42:232][  0]LogMemory: Memory total: Physical=15.9GB (16GB approx)
[2022.02.17-13.33.42:232][  0]LogMemory: Platform Memory Stats for Windows
[2022.02.17-13.33.42:232][  0]LogMemory: Process Physical Memory: 117.16 MB used, 117.17 MB peak
[2022.02.17-13.33.42:232][  0]LogMemory: Process Virtual Memory: 104.28 MB used, 104.28 MB peak
[2022.02.17-13.33.42:232][  0]LogMemory: Physical Memory: 11210.48 MB used,  5106.65 MB free, 16317.14 MB total
[2022.02.17-13.33.42:232][  0]LogMemory: Virtual Memory: 5153.25 MB used,  134212576.00 MB free, 134217728.00 MB total
[2022.02.17-13.33.42:245][  0]LogWindows: WindowsPlatformFeatures enabled
[2022.02.17-13.33.42:375][  0]LogInit: Physics initialised using underlying interface: PhysX
[2022.02.17-13.33.42:376][  0]LogInit: Using OS detected language (fr-FR).
[2022.02.17-13.33.42:376][  0]LogInit: Using OS detected locale (fr-FR).
[2022.02.17-13.33.42:379][  0]LogTextLocalizationManager: No specific localization for 'fr-FR' exists, so the 'fr' localization will be used.
[2022.02.17-13.33.42:379][  0]LogTextLocalizationResource: LocRes '../../../Engine/Content/Localization/Editor/fr/Editor.locres' could not be opened for reading!
[2022.02.17-13.33.42:379][  0]LogTextLocalizationResource: LocRes '../../../Engine/Content/Localization/EditorTutorials/fr/EditorTutorials.locres' could not be opened for reading!
[2022.02.17-13.33.42:379][  0]LogTextLocalizationResource: LocRes '../../../Engine/Content/Localization/Keywords/fr/Keywords.locres' could not be opened for reading!
[2022.02.17-13.33.42:379][  0]LogTextLocalizationResource: LocRes '../../../Engine/Content/Localization/Category/fr/Category.locres' could not be opened for reading!
[2022.02.17-13.33.42:379][  0]LogTextLocalizationResource: LocRes '../../../Engine/Content/Localization/ToolTips/fr/ToolTips.locres' could not be opened for reading!
[2022.02.17-13.33.42:380][  0]LogTextLocalizationResource: LocRes '../../../Engine/Content/Localization/PropertyNames/fr/PropertyNames.locres' could not be opened for reading!
[2022.02.17-13.33.42:380][  0]LogTextLocalizationResource: LocRes '../../../Engine/Content/Localization/Engine/fr/Engine.locres' could not be opened for reading!
[2022.02.17-13.33.42:381][  0]LogInit: Setting process to per monitor DPI aware
[2022.02.17-13.33.42:438][  0]LogSlate: New Slate User Created.  User Index 0, Is Virtual User: 0
[2022.02.17-13.33.42:438][  0]LogSlate: Slate User Registered.  User Index 0, Is Virtual User: 0
[2022.02.17-13.33.42:649][  0]LogHMD: Failed to initialize OpenVR with code 110
[2022.02.17-13.33.42:649][  0]LogD3D11RHI: D3D11 min allowed feature level: 11_0
[2022.02.17-13.33.42:649][  0]LogD3D11RHI: D3D11 max allowed feature level: 11_0
[2022.02.17-13.33.42:649][  0]LogD3D11RHI: D3D11 adapters:
[2022.02.17-13.33.42:772][  0]LogD3D11RHI:    0. 'NVIDIA GeForce GTX 1080 Ti' (Feature Level 11_0)
[2022.02.17-13.33.42:772][  0]LogD3D11RHI:       11128/0/8158 MB DedicatedVideo/DedicatedSystem/SharedSystem, Outputs:2, VendorId:0x10de
[2022.02.17-13.33.42:778][  0]LogD3D11RHI:    1. 'Microsoft Basic Render Driver' (Feature Level 11_0)
[2022.02.17-13.33.42:778][  0]LogD3D11RHI:       0/0/8158 MB DedicatedVideo/DedicatedSystem/SharedSystem, Outputs:0, VendorId:0x1414
[2022.02.17-13.33.42:778][  0]LogD3D11RHI: Chosen D3D11 Adapter: 0
[2022.02.17-13.33.42:786][  0]LogD3D11RHI: Creating new Direct3DDevice
[2022.02.17-13.33.42:786][  0]LogD3D11RHI:     GPU DeviceId: 0x1b06 (for the marketing name, search the web for "GPU Device Id")
[2022.02.17-13.33.42:786][  0]LogWindows: EnumDisplayDevices:
[2022.02.17-13.33.42:786][  0]LogWindows:    0. 'NVIDIA GeForce GTX 1080 Ti' (P:1 D:1)
[2022.02.17-13.33.42:786][  0]LogWindows:    1. 'NVIDIA GeForce GTX 1080 Ti' (P:0 D:1)
[2022.02.17-13.33.42:787][  0]LogWindows:    2. 'NVIDIA GeForce GTX 1080 Ti' (P:0 D:0)
[2022.02.17-13.33.42:787][  0]LogWindows:    3. 'NVIDIA GeForce GTX 1080 Ti' (P:0 D:0)
[2022.02.17-13.33.42:787][  0]LogWindows: DebugString: FoundDriverCount:4 
[2022.02.17-13.33.42:787][  0]LogD3D11RHI:     Adapter Name: NVIDIA GeForce GTX 1080 Ti
[2022.02.17-13.33.42:787][  0]LogD3D11RHI:   Driver Version: 511.65 (internal:30.0.15.1165, unified:511.65)
[2022.02.17-13.33.42:787][  0]LogD3D11RHI:      Driver Date: 1-28-2022
[2022.02.17-13.33.42:787][  0]LogRHI: Texture pool is 7789 MB (70% of 11128 MB)
[2022.02.17-13.33.42:845][  0]LogD3D11RHI: RHI has support for 64 bit atomics
[2022.02.17-13.33.42:845][  0]LogD3D11RHI: Async texture creation enabled
[2022.02.17-13.33.42:845][  0]LogD3D11RHI: Array index from any shader is supported
[2022.02.17-13.33.42:870][  0]LogD3D11RHI: GPU Timing Frequency: 1000.000000 (Debug: 2 1)
[2022.02.17-13.33.43:214][  0]LogTargetPlatformManager: Display: Loaded TargetPlatform 'AllDesktop'
[2022.02.17-13.33.43:235][  0]LogTargetPlatformManager: Display: Loaded TargetPlatform 'Android'
[2022.02.17-13.33.43:235][  0]LogTargetPlatformManager: Display: Loaded TargetPlatform 'Android_ASTC'
[2022.02.17-13.33.43:235][  0]LogTargetPlatformManager: Display: Loaded TargetPlatform 'Android_DXT'
[2022.02.17-13.33.43:235][  0]LogTargetPlatformManager: Display: Loaded TargetPlatform 'Android_ETC2'
[2022.02.17-13.33.43:235][  0]LogTargetPlatformManager: Display: Loaded TargetPlatform 'AndroidClient'
[2022.02.17-13.33.43:235][  0]LogTargetPlatformManager: Display: Loaded TargetPlatform 'Android_ASTCClient'
[2022.02.17-13.33.43:235][  0]LogTargetPlatformManager: Display: Loaded TargetPlatform 'Android_DXTClient'
[2022.02.17-13.33.43:235][  0]LogTargetPlatformManager: Display: Loaded TargetPlatform 'Android_ETC2Client'
[2022.02.17-13.33.43:235][  0]LogTargetPlatformManager: Display: Loaded TargetPlatform 'Android_Multi'
[2022.02.17-13.33.43:235][  0]LogTargetPlatformManager: Display: Loaded TargetPlatform 'Android_MultiClient'
[2022.02.17-13.33.43:262][  0]LogTargetPlatformManager: Display: Loaded TargetPlatform 'IOSClient'
[2022.02.17-13.33.43:262][  0]LogTargetPlatformManager: Display: Loaded TargetPlatform 'IOS'
[2022.02.17-13.33.43:272][  0]LogTargetPlatformManager: Display: Loaded TargetPlatform 'Linux'
[2022.02.17-13.33.43:282][  0]LogTargetPlatformManager: Display: Loaded TargetPlatform 'LinuxNoEditor'
[2022.02.17-13.33.43:292][  0]LogTargetPlatformManager: Display: Loaded TargetPlatform 'LinuxClient'
[2022.02.17-13.33.43:302][  0]LogTargetPlatformManager: Display: Loaded TargetPlatform 'LinuxServer'
[2022.02.17-13.33.43:313][  0]LogTargetPlatformManager: Display: Loaded TargetPlatform 'LinuxAArch64NoEditor'
[2022.02.17-13.33.43:326][  0]LogTargetPlatformManager: Display: Loaded TargetPlatform 'LinuxAArch64Client'
[2022.02.17-13.33.43:339][  0]LogTargetPlatformManager: Display: Loaded TargetPlatform 'LinuxAArch64Server'
[2022.02.17-13.33.43:362][  0]LogTargetPlatformManager: Display: Loaded TargetPlatform 'Lumin'
[2022.02.17-13.33.43:362][  0]LogTargetPlatformManager: Display: Loaded TargetPlatform 'LuminClient'
[2022.02.17-13.33.43:378][  0]LogTargetPlatformManager: Display: Loaded TargetPlatform 'TVOSClient'
[2022.02.17-13.33.43:378][  0]LogTargetPlatformManager: Display: Loaded TargetPlatform 'TVOS'
[2022.02.17-13.33.43:390][  0]LogTargetPlatformManager: Display: Loaded TargetPlatform 'WindowsNoEditor'
[2022.02.17-13.33.43:403][  0]LogTargetPlatformManager: Display: Loaded TargetPlatform 'Windows'
[2022.02.17-13.33.43:438][  0]LogTargetPlatformManager: Display: Loaded TargetPlatform 'WindowsClient'
[2022.02.17-13.33.43:449][  0]LogTargetPlatformManager: Display: Loaded TargetPlatform 'WindowsServer'
[2022.02.17-13.33.43:449][  0]LogTargetPlatformManager: Display: Building Assets For Windows
[2022.02.17-13.33.43:465][  0]LogAudioDebug: Display: Lib vorbis DLL was dynamically loaded.
[2022.02.17-13.33.43:579][  0]LogShaderCompilers: Guid format shader working directory is 12 characters bigger than the processId version (../../../../Git/ToonTank/ToonTank/Intermediate/Shaders/WorkingDirectory/34644/).
[2022.02.17-13.33.43:579][  0]LogShaderCompilers: Cleaned the shader compiler working directory 'C:/Users/hajna/AppData/Local/Temp/UnrealShaderWorkingDir/497529C34B5DD9A006A465A3627B01AB/'.
[2022.02.17-13.33.43:580][  0]LogXGEController: Cleaning working directory: C:/Users/hajna/AppData/Local/Temp/UnrealXGEWorkingDir/
[2022.02.17-13.33.43:580][  0]LogXGEController: Cannot use XGE Controller as Incredibuild is not installed on this machine.
[2022.02.17-13.33.43:581][  0]LogShaderCompilers: Cannot use XGE Shader Compiler as Incredibuild is not installed on this machine.
[2022.02.17-13.33.43:581][  0]LogShaderCompilers: Display: Using Local Shader Compiler.
[2022.02.17-13.33.44:267][  0]LogDerivedDataCache: Display: Max Cache Size: 512 MB
[2022.02.17-13.33.44:319][  0]LogDerivedDataCache: Loaded boot cache 0.05s 75MB C:/Users/hajna/AppData/Local/UnrealEngine/4.25/DerivedDataCache/Boot.ddc.
[2022.02.17-13.33.44:319][  0]LogDerivedDataCache: Display: Loaded Boot cache: C:/Users/hajna/AppData/Local/UnrealEngine/4.25/DerivedDataCache/Boot.ddc
[2022.02.17-13.33.44:319][  0]LogDerivedDataCache: FDerivedDataBackendGraph:  Pak pak cache file ../../../../Git/ToonTank/ToonTank/DerivedDataCache/DDC.ddp not found, will not use a pak cache.
[2022.02.17-13.33.44:319][  0]LogDerivedDataCache: Unable to find inner node Pak for hierarchical cache Hierarchy.
[2022.02.17-13.33.44:319][  0]LogDerivedDataCache: FDerivedDataBackendGraph:  CompressedPak pak cache file ../../../../Git/ToonTank/ToonTank/DerivedDataCache/Compressed.ddp not found, will not use a pak cache.
[2022.02.17-13.33.44:319][  0]LogDerivedDataCache: Unable to find inner node CompressedPak for hierarchical cache Hierarchy.
[2022.02.17-13.33.44:328][  0]LogDerivedDataCache: Display: Pak cache opened for reading ../../../Engine/DerivedDataCache/Compressed.ddp.
[2022.02.17-13.33.44:329][  0]LogDerivedDataCache: FDerivedDataBackendGraph:  EnterprisePak pak cache file ../../../Enterprise/DerivedDataCache/Compressed.ddp not found, will not use a pak cache.
[2022.02.17-13.33.44:329][  0]LogDerivedDataCache: Unable to find inner node EnterprisePak for hierarchical cache Hierarchy.
[2022.02.17-13.33.44:331][  0]LogDerivedDataCache: Using Local data cache path C:/Users/hajna/AppData/Local/UnrealEngine/Common/DerivedDataCache: Writable
[2022.02.17-13.33.44:331][  0]LogDerivedDataCache: Shared data cache path not found in *engine.ini, will not use an Shared cache.
[2022.02.17-13.33.44:331][  0]LogDerivedDataCache: Unable to find inner node Shared for hierarchical cache Hierarchy.
[2022.02.17-13.33.44:375][  0]LogSlate: Using FreeType 2.10.0
[2022.02.17-13.33.44:376][  0]LogSlate: SlateFontServices - WITH_FREETYPE: 1, WITH_HARFBUZZ: 1
[2022.02.17-13.33.44:404][  0]LogAssetRegistry: FAssetRegistry took 0.0039 seconds to start up
[2022.02.17-13.33.44:602][  0]LogInit: Selected Device Profile: [Windows]
[2022.02.17-13.33.44:737][  0]LogMeshReduction: Using QuadricMeshReduction for automatic static mesh reduction
[2022.02.17-13.33.44:737][  0]LogMeshReduction: Using SimplygonMeshReduction for automatic skeletal mesh reduction
[2022.02.17-13.33.44:737][  0]LogMeshReduction: Using ProxyLODMeshReduction for automatic mesh merging
[2022.02.17-13.33.44:737][  0]LogMeshReduction: No distributed automatic mesh merging module available
[2022.02.17-13.33.44:737][  0]LogMeshMerging: No distributed automatic mesh merging module available
[2022.02.17-13.33.44:758][  0]LogNetVersion: ToonTank 1.0.0, NetCL: 13144385, EngineNetVer: 14, GameNetVer: 0 (Checksum: 3237900624)
[2022.02.17-13.33.45:139][  0]LogAISub: UAISubsystem::UAISubsystem AISubsystem (000001EC3DEE2580), frame # 0
[2022.02.17-13.33.45:139][  0]LogAISub: UAISubsystem::UAISubsystem AIPerceptionSystem (000001EC3DE63740), frame # 0
[2022.02.17-13.33.45:140][  0]LogAISub: UAISubsystem::UAISubsystem EnvQueryManager (000001EC3DEC9E00), frame # 0
[2022.02.17-13.33.45:193][  0]LogPackageLocalizationCache: Processed 19 localized package path(s) for 1 prioritized culture(s) in 0.047558 seconds
[2022.02.17-13.33.45:198][  0]LogUObjectArray: 15917 objects as part of root set at end of initial load.
[2022.02.17-13.33.45:198][  0]LogUObjectAllocator: 3965568 out of 0 bytes used by permanent object pool.
[2022.02.17-13.33.45:198][  0]LogUObjectArray: CloseDisregardForGC: 0/0 objects in disregard for GC pool
[2022.02.17-13.33.45:665][  0]LogTcpMessaging: Initializing TcpMessaging bridge
[2022.02.17-13.33.45:673][  0]LogUdpMessaging: Initializing bridge on interface 0.0.0.0:0 to multicast group 230.0.0.1:6666.
[2022.02.17-13.33.45:801][  0]SourceControl: Source control is disabled
[2022.02.17-13.33.45:801][  0]SourceControl: Source control is disabled
[2022.02.17-13.33.45:806][  0]SourceControl: Source control is disabled
[2022.02.17-13.33.45:811][  0]SourceControl: Source control is disabled
[2022.02.17-13.33.45:821][  0]SourceControl: Source control is disabled
[2022.02.17-13.33.46:184][  0]LogAndroidPermission: UAndroidPermissionCallbackProxy::GetInstance
[2022.02.17-13.33.46:220][  0]LogAudioCaptureCore: Display: No Audio Capture implementations found. Audio input will be silent.
[2022.02.17-13.33.46:220][  0]LogAudioCaptureCore: Display: No Audio Capture implementations found. Audio input will be silent.
[2022.02.17-13.33.46:282][  0]LogOcInput: OculusInput pre-init called
[2022.02.17-13.33.46:297][  0]LogWindows: Failed to load 'OVRPlugin.dll' (GetLastError=126)
[2022.02.17-13.33.46:297][  0]LogWindows: File 'OVRPlugin.dll' does not exist
[2022.02.17-13.33.46:366][  0]LogEngine: Initializing Engine...
[2022.02.17-13.33.46:367][  0]LogHMD: Failed to initialize OpenVR with code 110
[2022.02.17-13.33.46:367][  0]LogMagicLeap: Warning: VR disabled because ZI is not enabled.  To enable, in the editor, Edit -> Project Settings -> Plugins -> Magic Leap Plugin -> Enable Zero Iteration
[2022.02.17-13.33.46:368][  0]LogStats: UGameplayTagsManager::InitializeManager -  0.000 s
[2022.02.17-13.33.46:469][  0]LogInit: Initializing FReadOnlyCVARCache
[2022.02.17-13.33.46:480][  0]LogAIModule: Creating AISystem for world Untitled
[2022.02.17-13.33.46:480][  0]LogAISub: UAISubsystem::UAISubsystem EnvQueryManager (000001EC3FF7FC00), frame # 0
[2022.02.17-13.33.46:480][  0]LogAISub: UAISubsystem::UAISubsystem AIPerceptionSystem (000001EC3FFD4A40), frame # 0
[2022.02.17-13.33.46:493][  0]LogAudioMixer: Display: Audio Mixer Platform Settings:
[2022.02.17-13.33.46:493][  0]LogAudioMixer: Display: 	Sample Rate:						  48000
[2022.02.17-13.33.46:493][  0]LogAudioMixer: Display: 	Callback Buffer Frame Size Requested: 1024
[2022.02.17-13.33.46:493][  0]LogAudioMixer: Display: 	Callback Buffer Frame Size To Use:	  1024
[2022.02.17-13.33.46:493][  0]LogAudioMixer: Display: 	Number of buffers to queue:			  2
[2022.02.17-13.33.46:494][  0]LogAudioMixer: Display: 	Max Channels (voices):				  32
[2022.02.17-13.33.46:494][  0]LogAudioMixer: Display: 	Number of Async Source Workers:		  0
[2022.02.17-13.33.46:494][  0]LogAudio: Display: AudioDevice MaxSources: 32
[2022.02.17-13.33.46:494][  0]LogAudio: Display: Using built-in audio occlusion.
[2022.02.17-13.33.46:494][  0]LogAudioMixer: Display: Initializing audio mixer.
[2022.02.17-13.33.46:515][  0]LogAudioMixer: Display: 0: FrontLeft
[2022.02.17-13.33.46:515][  0]LogAudioMixer: Display: 1: FrontRight
[2022.02.17-13.33.46:515][  0]LogAudioMixer: Display: 2: FrontCenter
[2022.02.17-13.33.46:515][  0]LogAudioMixer: Display: 3: LowFrequency
[2022.02.17-13.33.46:516][  0]LogAudioMixer: Display: 4: BackLeft
[2022.02.17-13.33.46:516][  0]LogAudioMixer: Display: 5: BackRight
[2022.02.17-13.33.46:562][  0]LogAudioMixer: Display: Using Audio Device Haut-parleurs (Sound BlasterX AE-5)
[2022.02.17-13.33.46:566][  0]LogAudioMixer: Display: Initializing Sound Submixes...
[2022.02.17-13.33.46:567][  0]LogAudioMixer: Display: Creating Master Submix 'MasterSubmixDefault'
[2022.02.17-13.33.46:568][  0]LogAudioMixer: Display: Creating Master Submix 'MasterReverbSubmixDefault'
[2022.02.17-13.33.46:568][  0]LogAudioMixer: Display: Creating Master Submix 'MasterEQSubmixDefault'
[2022.02.17-13.33.46:570][  0]LogInit: FAudioDevice initialized.
[2022.02.17-13.33.46:570][  0]LogNetVersion: Set ProjectVersion to 1.0.0.0. Version Checksum will be recalculated on next use.
[2022.02.17-13.33.46:638][  0]LogDerivedDataCache: Saved boot cache 0.07s 75MB C:/Users/hajna/AppData/Local/UnrealEngine/4.25/DerivedDataCache/Boot.ddc.
[2022.02.17-13.33.46:639][  0]LogInit: Texture streaming: Enabled
[2022.02.17-13.33.46:665][  0]LogEngineSessionManager: EngineSessionManager initialized
[2022.02.17-13.33.46:665][  0]LogEngineSessionManager: EngineSessionManager sent abnormal shutdown report. Type=Debugger, SessionId={9EE64311-4A7B-48F3-4F59-D1961C5CE0C0}
[2022.02.17-13.33.46:665][  0]LogEditorSessionSummary: Verbose: Initializing EditorSessionSummaryWriter for editor session tracking
[2022.02.17-13.33.46:667][  0]LogEditorSessionSummary: EditorSessionSummaryWriter initialized
[2022.02.17-13.33.46:707][  0]LogInit: Transaction tracking system initialized
[2022.02.17-13.33.46:743][  0]BlueprintLog: New page: Editor Load
[2022.02.17-13.33.46:856][  0]LocalizationService: Localization service is disabled
[2022.02.17-13.33.47:033][  0]LogCook: Display: Max memory allowance for cook 16384mb min free memory 0mb
[2022.02.17-13.33.47:033][  0]LogCook: Display: Mobile HDR setting 1
[2022.02.17-13.33.47:148][  0]LogFileCache: Scanning file cache for directory 'D:/Git/ToonTank/ToonTank/Content/' took 0.01s
[2022.02.17-13.33.47:457][  0]SourceControl: Source control is disabled
[2022.02.17-13.33.47:458][  0]LogUnrealEdMisc: Loading editor; pre map load, took 9.102
[2022.02.17-13.33.47:458][  0]Cmd: MAP LOAD FILE="../../../../Git/ToonTank/ToonTank/Content/Maps/Main.umap" TEMPLATE=0 SHOWPROGRESS=1 FEATURELEVEL=3
[2022.02.17-13.33.47:458][  0]LightingResults: New page: Lighting Build
[2022.02.17-13.33.47:459][  0]LogWorld: UWorld::CleanupWorld for Untitled, bSessionEnded=true, bCleanupResources=true
[2022.02.17-13.33.47:459][  0]LogSlate: InvalidateAllWidgets triggered.  All widgets were invalidated
[2022.02.17-13.33.47:460][  0]MapCheck: New page: Map Check
[2022.02.17-13.33.47:460][  0]LightingResults: New page: Lighting Build
[2022.02.17-13.33.47:467][  0]LogAISub: UAISubsystem::~UAISubsystem EnvQueryManager (000001EC3FF7FC00), frame # 0
[2022.02.17-13.33.47:467][  0]LogAISub: UAISubsystem::~UAISubsystem AIPerceptionSystem (000001EC3FFD4A40), frame # 0
[2022.02.17-13.33.47:468][  0]LogUObjectHash: Compacting FUObjectHashTables data took   0.75ms
[2022.02.17-13.33.47:538][  0]LogLinker: Warning: While loading '../../../../Git/ToonTank/ToonTank/Content/Maps/Main.umap' failed to load '/Game/Maps/Main_BuiltData': Can't find file.
[2022.02.17-13.33.47:538][  0]LogLinker: Warning: While loading '../../../../Git/ToonTank/ToonTank/Content/Maps/Main.umap' failed to load '/Game/Maps/Main_BuiltData': Can't find file.
[2022.02.17-13.33.47:544][  0]LogLinker: Warning: While loading '../../../../Git/ToonTank/ToonTank/Content/Maps/Main.umap' failed to load '/Game/Maps/Main_BuiltData': Can't find file.
[2022.02.17-13.33.47:544][  0]LogLinker: Warning: While loading '../../../../Git/ToonTank/ToonTank/Content/Maps/Main.umap' failed to load '/Game/Maps/Main_BuiltData': Can't find file.
[2022.02.17-13.33.47:557][  0]LogLinker: Warning: While loading '../../../../Git/ToonTank/ToonTank/Content/Maps/Main.umap' failed to load '/Game/Maps/Main_BuiltData': Can't find file.
[2022.02.17-13.33.47:557][  0]LoadErrors: Failed to load /Game/Maps/Main_BuiltData.Main_BuiltData Referenced by PersistentLevel
[2022.02.17-13.33.47:557][  0]LogLinker: Warning: While loading '../../../../Git/ToonTank/ToonTank/Content/Maps/Main.umap' failed to load '/Game/Maps/Main_BuiltData': Can't find file.
[2022.02.17-13.33.47:557][  0]LoadErrors: Failed to load /Game/Maps/Main_BuiltData.Main_BuiltData Referenced by PersistentLevel
[2022.02.17-13.33.47:581][  0]LogAIModule: Creating AISystem for world Main
[2022.02.17-13.33.47:581][  0]LogAISub: UAISubsystem::UAISubsystem EnvQueryManager (000001EC45C66200), frame # 0
[2022.02.17-13.33.47:581][  0]LogAISub: UAISubsystem::UAISubsystem AIPerceptionSystem (000001EC3D2E7600), frame # 0
[2022.02.17-13.33.47:587][  0]LogEditorServer: Finished looking for orphan Actors (0.000 secs)
[2022.02.17-13.33.47:597][  0]LogUObjectHash: Compacting FUObjectHashTables data took   0.63ms
[2022.02.17-13.33.47:597][  0]Cmd: MAP CHECKDEP NOCLEARLOG
[2022.02.17-13.33.47:597][  0]MapCheck: Map check complete: 0 Error(s), 0 Warning(s), took 0,103ms to complete.
[2022.02.17-13.33.47:598][  0]LogFileHelpers: Loading map 'Main' took 0.139
[2022.02.17-13.33.47:601][  0]LogUnrealEdMisc: Total Editor Startup Time, took 9.245
[2022.02.17-13.33.47:749][  0]LogSlate: Updating window title bar state: overlay mode, drag disabled, window buttons hidden, title bar hidden
[2022.02.17-13.33.47:755][  0]LogSlate: Updating window title bar state: overlay mode, drag disabled, window buttons hidden, title bar hidden
[2022.02.17-13.33.47:761][  0]LogSlate: Updating window title bar state: overlay mode, drag disabled, window buttons hidden, title bar hidden
[2022.02.17-13.33.47:767][  0]LogSlate: Updating window title bar state: overlay mode, drag disabled, window buttons hidden, title bar hidden
[2022.02.17-13.33.47:774][  0]LogCollectionManager: Loaded 0 collections in 0.001319 seconds
[2022.02.17-13.33.47:794][  0]LogFileCache: Scanning file cache for directory 'D:/Git/ToonTank/ToonTank/Saved/Collections/' took 0.00s
[2022.02.17-13.33.47:794][  0]LogFileCache: Scanning file cache for directory 'D:/Git/ToonTank/ToonTank/Content/Developers/hajna/Collections/' took 0.00s
[2022.02.17-13.33.47:794][  0]LogFileCache: Scanning file cache for directory 'D:/Git/ToonTank/ToonTank/Content/Collections/' took 0.00s
[2022.02.17-13.33.47:794][  0]LogContentBrowser: Native class hierarchy populated in 0.0089 seconds. Added 3435 classes and 828 folders.
[2022.02.17-13.33.47:796][  0]LogContentBrowser: Native class hierarchy updated for 'WidgetCarousel' in 0.0004 seconds. Added 0 classes and 0 folders.
[2022.02.17-13.33.47:866][  0]LogContentBrowser: Native class hierarchy updated for 'AddContentDialog' in 0.0006 seconds. Added 0 classes and 0 folders.
[2022.02.17-13.33.47:868][  0]LogContentBrowser: Native class hierarchy updated for 'SceneOutliner' in 0.0005 seconds. Added 2 classes and 0 folders.
[2022.02.17-13.33.47:912][  0]LogSlate: Took 0.000203 seconds to synchronously load lazily loaded font '../../../Engine/Content/Slate/Fonts/Roboto-Regular.ttf' (155K)
[2022.02.17-13.33.47:913][  0]LogSlate: Took 0.000200 seconds to synchronously load lazily loaded font '../../../Engine/Content/Slate/Fonts/Roboto-Bold.ttf' (160K)
[2022.02.17-13.33.47:916][  0]LogSlate: Took 0.000180 seconds to synchronously load lazily loaded font '../../../Engine/Content/Editor/Slate/Fonts/FontAwesome.ttf' (139K)
[2022.02.17-13.33.47:973][  0]LogRenderer: Reallocating scene render targets to support 1208x572 Format 10 NumSamples 1 (Frame:1).
[2022.02.17-13.33.48:012][  0]LogSlate: Took 0.000283 seconds to synchronously load lazily loaded font '../../../Engine/Content/Slate/Fonts/Roboto-Light.ttf' (167K)
[2022.02.17-13.33.48:109][  0]LogSlate: Window 'Tutorials' being destroyed
[2022.02.17-13.33.48:125][  0]LogContentBrowser: Native class hierarchy updated for 'HierarchicalLODOutliner' in 0.0005 seconds. Added 0 classes and 0 folders.
[2022.02.17-13.33.48:125][  0]LogLoad: (Engine Initialization) Total time: 9.77 seconds
[2022.02.17-13.33.48:125][  0]LogLoad: (Engine Initialization) Total Blueprint compile time: 0.00 seconds
[2022.02.17-13.33.48:188][  0]LogAssetRegistry: Asset discovery search completed in 3.7872 seconds
[2022.02.17-13.33.48:192][  0]LogCollectionManager: Fixed up redirectors for 0 collections in 0.000003 seconds (updated 0 objects)
[2022.02.17-13.33.48:194][  0]LogContentStreaming: Texture pool size now 1000 MB
[2022.02.17-13.33.48:274][  0]LogSlate: Took 0.000184 seconds to synchronously load lazily loaded font '../../../Engine/Content/Slate/Fonts/DroidSansMono.ttf' (77K)
[2022.02.17-13.33.51:775][410]LogSlate: Window 'Message Log' being destroyed
[2022.02.17-13.33.51:778][410]LogSlate: Window 'Message Log' being destroyed
[2022.02.17-13.33.52:281][463]LogTemp: Repeating last play command: Standalone Game
[2022.02.17-13.33.52:295][463]LogUObjectHash: Compacting FUObjectHashTables data took   0.51ms
[2022.02.17-13.34.18:532][823]LogTemp: Repeating last play command: Standalone Game
[2022.02.17-13.34.18:549][823]LogUObjectHash: Compacting FUObjectHashTables data took   0.18ms
