Log file open, 02/17/22 14:25:33
LogInit: Display: Running engine for game: ToonTank
LogPlatformFile: Not using cached read wrapper
LogTaskGraph: Started task graph with 5 named threads and 23 total threads with 3 sets of task threads.
LogStats: Stats thread started at 0.488157
LogD3D11RHI: Loaded GFSDK_Aftermath_Lib.x64.dll
LogICUInternationalization: ICU TimeZone Detection - Raw Offset: +1:00, Platform Override: ''
LogPluginManager: Mounting plugin Paper2D
LogPluginManager: Mounting plugin AISupport
LogPluginManager: Mounting plugin LightPropagationVolume
LogPluginManager: Mounting plugin CameraShakePreviewer
LogPluginManager: Mounting plugin ActorLayerUtilities
LogPluginManager: Mounting plugin AnimationSharing
LogPluginManager: Mounting plugin CLionSourceCodeAccess
LogPluginManager: Mounting plugin CodeLiteSourceCodeAccess
LogPluginManager: Mounting plugin GitSourceControl
LogPluginManager: Mounting plugin KDevelopSourceCodeAccess
LogPluginManager: Mounting plugin NullSourceCodeAccess
LogPluginManager: Mounting plugin PerforceSourceControl
LogPluginManager: Mounting plugin PlasticSourceControl
LogPluginManager: Mounting plugin RiderSourceCodeAccess
LogPluginManager: Mounting plugin SubversionSourceControl
LogPluginManager: Mounting plugin UObjectPlugin
LogPluginManager: Mounting plugin VisualStudioCodeSourceCodeAccess
LogPluginManager: Mounting plugin VisualStudioSourceCodeAccess
LogPluginManager: Mounting plugin XCodeSourceCodeAccess
LogPluginManager: Mounting plugin AssetManagerEditor
LogPluginManager: Mounting plugin CryptoKeys
LogPluginManager: Mounting plugin CurveEditorTools
LogPluginManager: Mounting plugin DataValidation
LogPluginManager: Mounting plugin EditorScriptingUtilities
LogPluginManager: Mounting plugin FacialAnimation
LogPluginManager: Mounting plugin GameplayTagsEditor
LogPluginManager: Mounting plugin GeometryMode
LogPluginManager: Mounting plugin MacGraphicsSwitching
LogPluginManager: Mounting plugin MaterialAnalyzer
LogPluginManager: Mounting plugin MobileLauncherProfileWizard
LogPluginManager: Mounting plugin PluginBrowser
LogPluginManager: Mounting plugin SpeedTreeImporter
LogPluginManager: Mounting plugin DatasmithContent
LogPluginManager: Mounting plugin VariantManagerContent
LogPluginManager: Mounting plugin AlembicImporter
LogPluginManager: Mounting plugin AutomationUtils
LogPluginManager: Mounting plugin BackChannel
LogPluginManager: Mounting plugin ChaosCloth
LogPluginManager: Mounting plugin ChaosClothEditor
LogPluginManager: Mounting plugin ChaosEditor
LogPluginManager: Mounting plugin ChaosNiagara
LogPluginManager: Mounting plugin ChaosSolverPlugin
LogPluginManager: Mounting plugin CharacterAI
LogPluginManager: Mounting plugin GeometryCache
LogPluginManager: Mounting plugin GeometryCollectionPlugin
LogPluginManager: Mounting plugin GeometryProcessing
LogPluginManager: Mounting plugin PlanarCut
LogPluginManager: Mounting plugin PlatformCrypto
LogPluginManager: Mounting plugin ProxyLODPlugin
LogPluginManager: Mounting plugin SkeletalReduction
LogPluginManager: Mounting plugin Niagara
LogPluginManager: Mounting plugin MagicLeap
LogPluginManager: Mounting plugin MagicLeapLightEstimation
LogPluginManager: Mounting plugin MagicLeapMedia
LogPluginManager: Mounting plugin MagicLeapPassableWorld
LogPluginManager: Mounting plugin MLSDK
LogPluginManager: Mounting plugin AndroidMedia
LogPluginManager: Mounting plugin AvfMedia
LogPluginManager: Mounting plugin ImgMedia
LogPluginManager: Mounting plugin MediaCompositing
LogPluginManager: Mounting plugin MediaPlayerEditor
LogPluginManager: Mounting plugin WebMMedia
LogPluginManager: Mounting plugin WmfMedia
LogPluginManager: Mounting plugin MeshPainting
LogPluginManager: Mounting plugin TcpMessaging
LogPluginManager: Mounting plugin UdpMessaging
LogPluginManager: Mounting plugin ActorSequence
LogPluginManager: Mounting plugin LevelSequenceEditor
LogPluginManager: Mounting plugin MatineeToLevelSequence
LogPluginManager: Mounting plugin MovieRenderPipeline
LogPluginManager: Mounting plugin TemplateSequence
LogPluginManager: Mounting plugin NetcodeUnitTest
LogPluginManager: Mounting plugin NUTUnrealEngine4
LogPluginManager: Mounting plugin OnlineSubsystemGooglePlay
LogPluginManager: Mounting plugin OnlineSubsystemIOS
LogPluginManager: Mounting plugin OnlineSubsystem
LogPluginManager: Mounting plugin OnlineSubsystemNull
LogPluginManager: Mounting plugin OnlineSubsystemUtils
LogPluginManager: Mounting plugin LauncherChunkInstaller
LogPluginManager: Mounting plugin AndroidDeviceProfileSelector
LogPluginManager: Mounting plugin AndroidMoviePlayer
LogPluginManager: Mounting plugin AndroidPermission
LogPluginManager: Mounting plugin AppleImageUtils
LogPluginManager: Mounting plugin AppleMoviePlayer
LogPluginManager: Mounting plugin ArchVisCharacter
LogPluginManager: Mounting plugin AssetTags
LogPluginManager: Mounting plugin AudioCapture
LogPluginManager: Mounting plugin CableComponent
LogPluginManager: Mounting plugin CustomMeshComponent
LogPluginManager: Mounting plugin EditableMesh
LogPluginManager: Mounting plugin ExampleDeviceProfileSelector
LogPluginManager: Mounting plugin GoogleCloudMessaging
LogPluginManager: Mounting plugin GooglePAD
LogPluginManager: Mounting plugin IOSDeviceProfileSelector
LogPluginManager: Mounting plugin LinuxDeviceProfileSelector
LogPluginManager: Mounting plugin LocationServicesBPLibrary
LogPluginManager: Mounting plugin MobilePatchingUtils
LogPluginManager: Mounting plugin OculusVR
LogPluginManager: Mounting plugin PhysXVehicles
LogPluginManager: Mounting plugin PostSplashScreen
LogPluginManager: Mounting plugin ProceduralMeshComponent
LogPluginManager: Mounting plugin RuntimePhysXCooking
LogPluginManager: Mounting plugin SignificanceManager
LogPluginManager: Mounting plugin SoundFields
LogPluginManager: Mounting plugin SteamVR
LogPluginManager: Mounting plugin Synthesis
LogPluginManager: Mounting plugin WebMMoviePlayer
LogPluginManager: Mounting plugin WindowsMoviePlayer
LogPluginManager: Mounting plugin ScreenshotTools
LogInit: Using libcurl 7.55.1-DEV
LogInit:  - built for x86_64-pc-win32
LogInit:  - supports SSL with OpenSSL/1.1.1
LogInit:  - supports HTTP deflate (compression) using libz 1.2.8
LogInit:  - other features:
LogInit:      CURL_VERSION_SSL
LogInit:      CURL_VERSION_LIBZ
LogInit:      CURL_VERSION_IPV6
LogInit:      CURL_VERSION_ASYNCHDNS
LogInit:      CURL_VERSION_LARGEFILE
LogInit:      CURL_VERSION_IDN
LogInit:  CurlRequestOptions (configurable via config and command line):
LogInit:  - bVerifyPeer = true  - Libcurl will verify peer certificate
LogInit:  - bUseHttpProxy = false  - Libcurl will NOT use HTTP proxy
LogInit:  - bDontReuseConnections = false  - Libcurl will reuse connections
LogInit:  - MaxHostConnections = 16  - Libcurl will limit the number of connections to a host
LogInit:  - LocalHostAddr = Default
LogInit:  - BufferSize = 65536
LogOnline: OSS: Creating online subsystem instance for: NULL
LogInit: WinSock: version 1.1 (2.2), MaxSocks=32767, MaxUdp=65467
LogOnline: OSS: TryLoadSubsystemAndSetDefault: Loaded subsystem for module [NULL]
LogInit: Build: ++UE4+Release-4.25-CL-14469661
LogInit: Engine Version: 4.25.4-14469661+++UE4+Release-4.25
LogInit: Compatible Engine Version: 4.25.0-13144385+++UE4+Release-4.25
LogInit: Net CL: 13144385
LogInit: OS: Windows 10 (Release 2009) (), CPU: Intel(R) Core(TM) i7-7700K CPU @ 4.20GHz, GPU: NVIDIA GeForce GTX 1080 Ti
LogInit: Compiled (64-bit): Oct 11 2020 08:10:49
LogInit: Compiled with Visual C++: 19.24.28315.00
LogInit: Build Configuration: Development
LogInit: Branch Name: ++UE4+Release-4.25
LogInit: Command Line:  -skipcompile
LogInit: Base Directory: D:/UE_4.25/Engine/Binaries/Win64/
LogInit: Allocator: TBB
LogInit: Installed Engine Build: 1
LogDevObjectVersion: Number of dev versions registered: 26
LogDevObjectVersion:   Dev-Blueprints (B0D832E4-1F89-4F0D-ACCF-7EB736FD4AA2): 10
LogDevObjectVersion:   Dev-Build (E1C64328-A22C-4D53-A36C-8E866417BD8C): 0
LogDevObjectVersion:   Dev-Core (375EC13C-06E4-48FB-B500-84F0262A717E): 4
LogDevObjectVersion:   Dev-Editor (E4B068ED-F494-42E9-A231-DA0B2E46BB41): 38
LogDevObjectVersion:   Dev-Framework (CFFC743F-43B0-4480-9391-14DF171D2073): 37
LogDevObjectVersion:   Dev-Mobile (B02B49B5-BB20-44E9-A304-32B752E40360): 2
LogDevObjectVersion:   Dev-Networking (A4E4105C-59A1-49B5-A7C5-40C4547EDFEE): 0
LogDevObjectVersion:   Dev-Online (39C831C9-5AE6-47DC-9A44-9C173E1C8E7C): 0
LogDevObjectVersion:   Dev-Physics (78F01B33-EBEA-4F98-B9B4-84EACCB95AA2): 4
LogDevObjectVersion:   Dev-Platform (6631380F-2D4D-43E0-8009-CF276956A95A): 0
LogDevObjectVersion:   Dev-Rendering (12F88B9F-8875-4AFC-A67C-D90C383ABD29): 43
LogDevObjectVersion:   Dev-Sequencer (7B5AE74C-D270-4C10-A958-57980B212A5A): 12
LogDevObjectVersion:   Dev-VR (D7296918-1DD6-4BDD-9DE2-64A83CC13884): 3
LogDevObjectVersion:   Dev-LoadTimes (C2A15278-BFE7-4AFE-6C17-90FF531DF755): 1
LogDevObjectVersion:   Private-Geometry (6EACA3D4-40EC-4CC1-B786-8BED09428FC5): 3
LogDevObjectVersion:   Dev-AnimPhys (29E575DD-E0A3-4627-9D10-D276232CDCEA): 17
LogDevObjectVersion:   Dev-Anim (AF43A65D-7FD3-4947-9873-3E8ED9C1BB05): 7
LogDevObjectVersion:   Dev-ReflectionCapture (6B266CEC-1EC7-4B8F-A30B-E4D90942FC07): 1
LogDevObjectVersion:   Dev-Automation (0DF73D61-A23F-47EA-B727-89E90C41499A): 1
LogDevObjectVersion:   FortniteMain (601D1886-AC64-4F84-AA16-D3DE0DEAC7D6): 31
LogDevObjectVersion:   Dev-Enterprise (9DFFBCD6-494F-0158-E221-12823C92A888): 10
LogDevObjectVersion:   Dev-Niagara (F2AED0AC-9AFE-416F-8664-AA7FFA26D6FC): 1
LogDevObjectVersion:   Dev-Destruction (174F1F0B-B4C6-45A5-B13F-2EE8D0FB917D): 10
LogDevObjectVersion:   Dev-Physics-Ext (35F94A83-E258-406C-A318-09F59610247C): 37
LogDevObjectVersion:   Dev-PhysicsMaterial-Chaos (B68FC16E-8B1B-42E2-B453-215C058844FE): 1
LogDevObjectVersion:   Dev-CineCamera (B2E18506-4273-CFC2-A54E-F4BB758BBA07): 1
LogInit: Presizing for max 25165824 objects, including 0 objects not considered by GC, pre-allocating 0 bytes for permanent pool.
LogConfig: Applying CVar settings from Section [/Script/Engine.StreamingSettings] File [D:/Git/ToonTank/ToonTank/Saved/Config/Windows/Engine.ini]
LogConfig: Setting CVar [[s.MinBulkDataSizeForAsyncLoading:131072]]
LogConfig: Setting CVar [[s.AsyncLoadingThreadEnabled:0]]
LogConfig: Setting CVar [[s.EventDrivenLoaderEnabled:1]]
LogConfig: Setting CVar [[s.WarnIfTimeLimitExceeded:0]]
LogConfig: Setting CVar [[s.TimeLimitExceededMultiplier:1.5]]
LogConfig: Setting CVar [[s.TimeLimitExceededMinTime:0.005]]
LogConfig: Setting CVar [[s.UseBackgroundLevelStreaming:1]]
LogConfig: Setting CVar [[s.PriorityAsyncLoadingExtraTime:15.0]]
LogConfig: Setting CVar [[s.LevelStreamingActorsUpdateTimeLimit:5.0]]
LogConfig: Setting CVar [[s.PriorityLevelStreamingActorsUpdateExtraTime:5.0]]
LogConfig: Setting CVar [[s.LevelStreamingComponentsRegistrationGranularity:10]]
LogConfig: Setting CVar [[s.UnregisterComponentsTimeLimit:1.0]]
LogConfig: Setting CVar [[s.LevelStreamingComponentsUnregistrationGranularity:5]]
LogConfig: Setting CVar [[s.FlushStreamingOnExit:1]]
LogInit: Object subsystem initialized
LogConfig: Setting CVar [[con.DebugEarlyDefault:1]]
LogConfig: Setting CVar [[r.setres:1280x720]]
[2022.02.17-13.25.34:291][  0]LogConfig: Setting CVar [[r.VSync:0]]
[2022.02.17-13.25.34:291][  0]LogConfig: Setting CVar [[r.RHICmdBypass:0]]
[2022.02.17-13.25.34:291][  0]LogConfig: Applying CVar settings from Section [/Script/Engine.RendererSettings] File [D:/Git/ToonTank/ToonTank/Saved/Config/Windows/Engine.ini]
[2022.02.17-13.25.34:291][  0]LogConfig: Setting CVar [[r.GPUCrashDebugging:0]]
[2022.02.17-13.25.34:291][  0]LogConfig: Applying CVar settings from Section [/Script/Engine.RendererOverrideSettings] File [D:/Git/ToonTank/ToonTank/Saved/Config/Windows/Engine.ini]
[2022.02.17-13.25.34:291][  0]LogConfig: Applying CVar settings from Section [/Script/Engine.StreamingSettings] File [D:/Git/ToonTank/ToonTank/Saved/Config/Windows/Engine.ini]
[2022.02.17-13.25.34:291][  0]LogConfig: Setting CVar [[s.MinBulkDataSizeForAsyncLoading:131072]]
[2022.02.17-13.25.34:291][  0]LogConfig: Setting CVar [[s.AsyncLoadingThreadEnabled:0]]
[2022.02.17-13.25.34:291][  0]LogConfig: Setting CVar [[s.EventDrivenLoaderEnabled:1]]
[2022.02.17-13.25.34:291][  0]LogConfig: Setting CVar [[s.WarnIfTimeLimitExceeded:0]]
[2022.02.17-13.25.34:291][  0]LogConfig: Setting CVar [[s.TimeLimitExceededMultiplier:1.5]]
[2022.02.17-13.25.34:291][  0]LogConfig: Setting CVar [[s.TimeLimitExceededMinTime:0.005]]
[2022.02.17-13.25.34:291][  0]LogConfig: Setting CVar [[s.UseBackgroundLevelStreaming:1]]
[2022.02.17-13.25.34:291][  0]LogConfig: Setting CVar [[s.PriorityAsyncLoadingExtraTime:15.0]]
[2022.02.17-13.25.34:291][  0]LogConfig: Setting CVar [[s.LevelStreamingActorsUpdateTimeLimit:5.0]]
[2022.02.17-13.25.34:291][  0]LogConfig: Setting CVar [[s.PriorityLevelStreamingActorsUpdateExtraTime:5.0]]
[2022.02.17-13.25.34:291][  0]LogConfig: Setting CVar [[s.LevelStreamingComponentsRegistrationGranularity:10]]
[2022.02.17-13.25.34:291][  0]LogConfig: Setting CVar [[s.UnregisterComponentsTimeLimit:1.0]]
[2022.02.17-13.25.34:291][  0]LogConfig: Setting CVar [[s.LevelStreamingComponentsUnregistrationGranularity:5]]
[2022.02.17-13.25.34:291][  0]LogConfig: Setting CVar [[s.FlushStreamingOnExit:1]]
[2022.02.17-13.25.34:291][  0]LogConfig: Applying CVar settings from Section [/Script/Engine.GarbageCollectionSettings] File [D:/Git/ToonTank/ToonTank/Saved/Config/Windows/Engine.ini]
[2022.02.17-13.25.34:291][  0]LogConfig: Setting CVar [[gc.MaxObjectsNotConsideredByGC:1]]
[2022.02.17-13.25.34:292][  0]LogConfig: Setting CVar [[gc.SizeOfPermanentObjectPool:0]]
[2022.02.17-13.25.34:292][  0]LogConfig: Setting CVar [[gc.FlushStreamingOnGC:0]]
[2022.02.17-13.25.34:292][  0]LogConfig: Setting CVar [[gc.NumRetriesBeforeForcingGC:10]]
[2022.02.17-13.25.34:292][  0]LogConfig: Setting CVar [[gc.AllowParallelGC:1]]
[2022.02.17-13.25.34:292][  0]LogConfig: Setting CVar [[gc.TimeBetweenPurgingPendingKillObjects:61.1]]
[2022.02.17-13.25.34:292][  0]LogConfig: Setting CVar [[gc.MaxObjectsInEditor:25165824]]
[2022.02.17-13.25.34:292][  0]LogConfig: Setting CVar [[gc.IncrementalBeginDestroyEnabled:1]]
[2022.02.17-13.25.34:292][  0]LogConfig: Setting CVar [[gc.CreateGCClusters:1]]
[2022.02.17-13.25.34:292][  0]LogConfig: Setting CVar [[gc.MinGCClusterSize:5]]
[2022.02.17-13.25.34:292][  0]LogConfig: Setting CVar [[gc.ActorClusteringEnabled:0]]
[2022.02.17-13.25.34:292][  0]LogConfig: Setting CVar [[gc.BlueprintClusteringEnabled:0]]
[2022.02.17-13.25.34:292][  0]LogConfig: Setting CVar [[gc.UseDisregardForGCOnDedicatedServers:0]]
[2022.02.17-13.25.34:292][  0]LogConfig: Applying CVar settings from Section [/Script/Engine.NetworkSettings] File [D:/Git/ToonTank/ToonTank/Saved/Config/Windows/Engine.ini]
[2022.02.17-13.25.34:292][  0]LogConfig: Applying CVar settings from Section [/Script/UnrealEd.CookerSettings] File [D:/Git/ToonTank/ToonTank/Saved/Config/Windows/Engine.ini]
[2022.02.17-13.25.34:300][  0]LogConfig: Applying CVar settings from Section [ViewDistanceQuality@3] File [D:/Git/ToonTank/ToonTank/Saved/Config/Windows/Scalability.ini]
[2022.02.17-13.25.34:300][  0]LogConfig: Setting CVar [[r.SkeletalMeshLODBias:0]]
[2022.02.17-13.25.34:300][  0]LogConfig: Setting CVar [[r.ViewDistanceScale:1.0]]
[2022.02.17-13.25.34:300][  0]LogConfig: Applying CVar settings from Section [AntiAliasingQuality@3] File [D:/Git/ToonTank/ToonTank/Saved/Config/Windows/Scalability.ini]
[2022.02.17-13.25.34:300][  0]LogConfig: Setting CVar [[r.PostProcessAAQuality:4]]
[2022.02.17-13.25.34:300][  0]LogConfig: Applying CVar settings from Section [ShadowQuality@3] File [D:/Git/ToonTank/ToonTank/Saved/Config/Windows/Scalability.ini]
[2022.02.17-13.25.34:300][  0]LogConfig: Setting CVar [[r.LightFunctionQuality:1]]
[2022.02.17-13.25.34:300][  0]LogConfig: Setting CVar [[r.ShadowQuality:5]]
[2022.02.17-13.25.34:301][  0]LogConfig: Setting CVar [[r.Shadow.CSM.MaxCascades:10]]
[2022.02.17-13.25.34:301][  0]LogConfig: Setting CVar [[r.Shadow.MaxResolution:2048]]
[2022.02.17-13.25.34:301][  0]LogConfig: Setting CVar [[r.Shadow.MaxCSMResolution:2048]]
[2022.02.17-13.25.34:301][  0]LogConfig: Setting CVar [[r.Shadow.RadiusThreshold:0.01]]
[2022.02.17-13.25.34:301][  0]LogConfig: Setting CVar [[r.Shadow.DistanceScale:1.0]]
[2022.02.17-13.25.34:301][  0]LogConfig: Setting CVar [[r.Shadow.CSM.TransitionScale:1.0]]
[2022.02.17-13.25.34:301][  0]LogConfig: Setting CVar [[r.Shadow.PreShadowResolutionFactor:1.0]]
[2022.02.17-13.25.34:301][  0]LogConfig: Setting CVar [[r.DistanceFieldShadowing:1]]
[2022.02.17-13.25.34:301][  0]LogConfig: Setting CVar [[r.DistanceFieldAO:1]]
[2022.02.17-13.25.34:301][  0]LogConfig: Setting CVar [[r.AOQuality:2]]
[2022.02.17-13.25.34:301][  0]LogConfig: Setting CVar [[r.VolumetricFog:1]]
[2022.02.17-13.25.34:301][  0]LogConfig: Setting CVar [[r.VolumetricFog.GridPixelSize:8]]
[2022.02.17-13.25.34:301][  0]LogConfig: Setting CVar [[r.VolumetricFog.GridSizeZ:128]]
[2022.02.17-13.25.34:301][  0]LogConfig: Setting CVar [[r.VolumetricFog.HistoryMissSupersampleCount:4]]
[2022.02.17-13.25.34:301][  0]LogConfig: Setting CVar [[r.LightMaxDrawDistanceScale:1]]
[2022.02.17-13.25.34:301][  0]LogConfig: Setting CVar [[r.CapsuleShadows:1]]
[2022.02.17-13.25.34:301][  0]LogConfig: Applying CVar settings from Section [PostProcessQuality@3] File [D:/Git/ToonTank/ToonTank/Saved/Config/Windows/Scalability.ini]
[2022.02.17-13.25.34:301][  0]LogConfig: Setting CVar [[r.MotionBlurQuality:4]]
[2022.02.17-13.25.34:301][  0]LogConfig: Setting CVar [[r.AmbientOcclusionMipLevelFactor:0.4]]
[2022.02.17-13.25.34:301][  0]LogConfig: Setting CVar [[r.AmbientOcclusionMaxQuality:100]]
[2022.02.17-13.25.34:302][  0]LogConfig: Setting CVar [[r.AmbientOcclusionLevels:-1]]
[2022.02.17-13.25.34:302][  0]LogConfig: Setting CVar [[r.AmbientOcclusionRadiusScale:1.0]]
[2022.02.17-13.25.34:302][  0]LogConfig: Setting CVar [[r.DepthOfFieldQuality:2]]
[2022.02.17-13.25.34:302][  0]LogConfig: Setting CVar [[r.RenderTargetPoolMin:400]]
[2022.02.17-13.25.34:302][  0]LogConfig: Setting CVar [[r.LensFlareQuality:2]]
[2022.02.17-13.25.34:302][  0]LogConfig: Setting CVar [[r.SceneColorFringeQuality:1]]
[2022.02.17-13.25.34:302][  0]LogConfig: Setting CVar [[r.EyeAdaptationQuality:2]]
[2022.02.17-13.25.34:302][  0]LogConfig: Setting CVar [[r.BloomQuality:5]]
[2022.02.17-13.25.34:302][  0]LogConfig: Setting CVar [[r.FastBlurThreshold:100]]
[2022.02.17-13.25.34:302][  0]LogConfig: Setting CVar [[r.Upscale.Quality:3]]
[2022.02.17-13.25.34:302][  0]LogConfig: Setting CVar [[r.Tonemapper.GrainQuantization:1]]
[2022.02.17-13.25.34:302][  0]LogConfig: Setting CVar [[r.LightShaftQuality:1]]
[2022.02.17-13.25.34:302][  0]LogConfig: Setting CVar [[r.Filter.SizeScale:1]]
[2022.02.17-13.25.34:302][  0]LogConfig: Setting CVar [[r.Tonemapper.Quality:5]]
[2022.02.17-13.25.34:302][  0]LogConfig: Setting CVar [[r.DOF.Gather.AccumulatorQuality:1        ; higher gathering accumulator quality]]
[2022.02.17-13.25.34:302][  0]LogConfig: Setting CVar [[r.DOF.Gather.PostfilterMethod:1          ; Median3x3 postfilering method]]
[2022.02.17-13.25.34:302][  0]LogConfig: Setting CVar [[r.DOF.Gather.EnableBokehSettings:0       ; no bokeh simulation when gathering]]
[2022.02.17-13.25.34:302][  0]LogConfig: Setting CVar [[r.DOF.Gather.RingCount:4                 ; medium number of samples when gathering]]
[2022.02.17-13.25.34:302][  0]LogConfig: Setting CVar [[r.DOF.Scatter.ForegroundCompositing:1    ; additive foreground scattering]]
[2022.02.17-13.25.34:302][  0]LogConfig: Setting CVar [[r.DOF.Scatter.BackgroundCompositing:2    ; additive background scattering]]
[2022.02.17-13.25.34:302][  0]LogConfig: Setting CVar [[r.DOF.Scatter.EnableBokehSettings:1      ; bokeh simulation when scattering]]
[2022.02.17-13.25.34:302][  0]LogConfig: Setting CVar [[r.DOF.Scatter.MaxSpriteRatio:0.1         ; only a maximum of 10% of scattered bokeh]]
[2022.02.17-13.25.34:302][  0]LogConfig: Setting CVar [[r.DOF.Recombine.Quality:1                ; cheap slight out of focus]]
[2022.02.17-13.25.34:303][  0]LogConfig: Setting CVar [[r.DOF.Recombine.EnableBokehSettings:0    ; no bokeh simulation on slight out of focus]]
[2022.02.17-13.25.34:303][  0]LogConfig: Setting CVar [[r.DOF.TemporalAAQuality:1                ; more stable temporal accumulation]]
[2022.02.17-13.25.34:303][  0]LogConfig: Setting CVar [[r.DOF.Kernel.MaxForegroundRadius:0.025]]
[2022.02.17-13.25.34:303][  0]LogConfig: Setting CVar [[r.DOF.Kernel.MaxBackgroundRadius:0.025]]
[2022.02.17-13.25.34:303][  0]LogConfig: Applying CVar settings from Section [TextureQuality@3] File [D:/Git/ToonTank/ToonTank/Saved/Config/Windows/Scalability.ini]
[2022.02.17-13.25.34:303][  0]LogConfig: Setting CVar [[r.Streaming.MipBias:0]]
[2022.02.17-13.25.34:303][  0]LogConfig: Setting CVar [[r.Streaming.AmortizeCPUToGPUCopy:0]]
[2022.02.17-13.25.34:303][  0]LogConfig: Setting CVar [[r.Streaming.MaxNumTexturesToStreamPerFrame:0]]
[2022.02.17-13.25.34:303][  0]LogConfig: Setting CVar [[r.Streaming.Boost:1]]
[2022.02.17-13.25.34:303][  0]LogConfig: Setting CVar [[r.MaxAnisotropy:8]]
[2022.02.17-13.25.34:303][  0]LogConfig: Setting CVar [[r.VT.MaxAnisotropy:8]]
[2022.02.17-13.25.34:303][  0]LogConfig: Setting CVar [[r.Streaming.LimitPoolSizeToVRAM:0]]
[2022.02.17-13.25.34:303][  0]LogConfig: Setting CVar [[r.Streaming.PoolSize:1000]]
[2022.02.17-13.25.34:303][  0]LogConfig: Setting CVar [[r.Streaming.MaxEffectiveScreenSize:0]]
[2022.02.17-13.25.34:303][  0]LogConfig: Applying CVar settings from Section [EffectsQuality@3] File [D:/Git/ToonTank/ToonTank/Saved/Config/Windows/Scalability.ini]
[2022.02.17-13.25.34:303][  0]LogConfig: Setting CVar [[r.TranslucencyLightingVolumeDim:64]]
[2022.02.17-13.25.34:303][  0]LogConfig: Setting CVar [[r.RefractionQuality:2]]
[2022.02.17-13.25.34:303][  0]LogConfig: Setting CVar [[r.SSR.Quality:3]]
[2022.02.17-13.25.34:303][  0]LogConfig: Setting CVar [[r.SSR.HalfResSceneColor:0]]
[2022.02.17-13.25.34:303][  0]LogConfig: Setting CVar [[r.SceneColorFormat:4]]
[2022.02.17-13.25.34:304][  0]LogConfig: Setting CVar [[r.DetailMode:2]]
[2022.02.17-13.25.34:304][  0]LogConfig: Setting CVar [[r.TranslucencyVolumeBlur:1]]
[2022.02.17-13.25.34:304][  0]LogConfig: Setting CVar [[r.MaterialQualityLevel:1 ; High quality]]
[2022.02.17-13.25.34:304][  0]LogConfig: Setting CVar [[r.SSS.Scale:1]]
[2022.02.17-13.25.34:304][  0]LogConfig: Setting CVar [[r.SSS.SampleSet:2]]
[2022.02.17-13.25.34:304][  0]LogConfig: Setting CVar [[r.SSS.Quality:1]]
[2022.02.17-13.25.34:304][  0]LogConfig: Setting CVar [[r.SSS.HalfRes:0]]
[2022.02.17-13.25.34:304][  0]LogConfig: Setting CVar [[r.SSGI.Quality:3]]
[2022.02.17-13.25.34:304][  0]LogConfig: Setting CVar [[r.EmitterSpawnRateScale:1.0]]
[2022.02.17-13.25.34:304][  0]LogConfig: Setting CVar [[r.ParticleLightQuality:2]]
[2022.02.17-13.25.34:304][  0]LogConfig: Setting CVar [[r.SkyAtmosphere.AerialPerspectiveLUT.FastApplyOnOpaque:1 ; Always have FastSkyLUT 1 in this case to avoid wrong sky]]
[2022.02.17-13.25.34:304][  0]LogConfig: Setting CVar [[r.SkyAtmosphere.AerialPerspectiveLUT.SampleCountPerSlice:1]]
[2022.02.17-13.25.34:304][  0]LogConfig: Setting CVar [[r.SkyAtmosphere.AerialPerspectiveLUT.DepthResolution:16.0]]
[2022.02.17-13.25.34:304][  0]LogConfig: Setting CVar [[r.SkyAtmosphere.FastSkyLUT:1]]
[2022.02.17-13.25.34:304][  0]LogConfig: Setting CVar [[r.SkyAtmosphere.FastSkyLUT.SampleCountMin:4.0]]
[2022.02.17-13.25.34:304][  0]LogConfig: Setting CVar [[r.SkyAtmosphere.FastSkyLUT.SampleCountMax:32.0]]
[2022.02.17-13.25.34:304][  0]LogConfig: Setting CVar [[r.SkyAtmosphere.SampleCountMin:4.0]]
[2022.02.17-13.25.34:304][  0]LogConfig: Setting CVar [[r.SkyAtmosphere.SampleCountMax:32.0]]
[2022.02.17-13.25.34:304][  0]LogConfig: Setting CVar [[r.SkyAtmosphere.TransmittanceLUT.UseSmallFormat:0]]
[2022.02.17-13.25.34:304][  0]LogConfig: Setting CVar [[r.SkyAtmosphere.TransmittanceLUT.SampleCount:10.0]]
[2022.02.17-13.25.34:304][  0]LogConfig: Setting CVar [[r.SkyAtmosphere.MultiScatteringLUT.SampleCount:15.0]]
[2022.02.17-13.25.34:304][  0]LogConfig: Applying CVar settings from Section [FoliageQuality@3] File [D:/Git/ToonTank/ToonTank/Saved/Config/Windows/Scalability.ini]
[2022.02.17-13.25.34:304][  0]LogConfig: Setting CVar [[foliage.DensityScale:1.0]]
[2022.02.17-13.25.34:305][  0]LogConfig: Setting CVar [[grass.DensityScale:1.0]]
[2022.02.17-13.25.34:305][  0]LogConfig: Applying CVar settings from Section [ShadingQuality@3] File [D:/Git/ToonTank/ToonTank/Saved/Config/Windows/Scalability.ini]
[2022.02.17-13.25.34:305][  0]LogConfig: Setting CVar [[r.HairStrands.SkyLighting.SampleCount:16]]
[2022.02.17-13.25.34:305][  0]LogConfig: Setting CVar [[r.HairStrands.SkyLighting.JitterIntegration:0]]
[2022.02.17-13.25.34:305][  0]LogConfig: Setting CVar [[r.HairStrands.SkyAO.SampleCount:16]]
[2022.02.17-13.25.34:305][  0]LogConfig: Setting CVar [[r.HairStrands.DeepShadow.SuperSampling:0]]
[2022.02.17-13.25.34:305][  0]LogConfig: Setting CVar [[r.HairStrands.VisibilityPPLL:0]]
[2022.02.17-13.25.34:305][  0]LogConfig: Setting CVar [[r.HairStrands.RasterizationScale:0.5]]
[2022.02.17-13.25.34:305][  0]LogConfig: Setting CVar [[r.HairStrands.VelocityRasterizationScale:1]]
[2022.02.17-13.25.34:305][  0]LogInit: Selected Device Profile: [Windows]
[2022.02.17-13.25.34:305][  0]LogInit: Applying CVar settings loaded from the selected device profile: [Windows]
[2022.02.17-13.25.34:305][  0]LogHAL: Display: Platform has ~ 16 GB [17109757952 / 17179869184 / 16], which maps to Larger [LargestMinGB=32, LargerMinGB=12, DefaultMinGB=8, SmallerMinGB=6, SmallestMinGB=0)
[2022.02.17-13.25.34:305][  0]LogInit: Going up to parent DeviceProfile []
[2022.02.17-13.25.34:305][  0]LogConfig: Applying CVar settings from Section [ViewDistanceQuality@3] File [D:/Git/ToonTank/ToonTank/Saved/Config/Windows/Scalability.ini]
[2022.02.17-13.25.34:305][  0]LogConfig: Setting CVar [[r.SkeletalMeshLODBias:0]]
[2022.02.17-13.25.34:305][  0]LogConfig: Setting CVar [[r.ViewDistanceScale:1.0]]
[2022.02.17-13.25.34:305][  0]LogConfig: Applying CVar settings from Section [AntiAliasingQuality@3] File [D:/Git/ToonTank/ToonTank/Saved/Config/Windows/Scalability.ini]
[2022.02.17-13.25.34:305][  0]LogConfig: Setting CVar [[r.PostProcessAAQuality:4]]
[2022.02.17-13.25.34:305][  0]LogConfig: Applying CVar settings from Section [ShadowQuality@3] File [D:/Git/ToonTank/ToonTank/Saved/Config/Windows/Scalability.ini]
[2022.02.17-13.25.34:305][  0]LogConfig: Setting CVar [[r.LightFunctionQuality:1]]
[2022.02.17-13.25.34:305][  0]LogConfig: Setting CVar [[r.ShadowQuality:5]]
[2022.02.17-13.25.34:305][  0]LogConfig: Setting CVar [[r.Shadow.CSM.MaxCascades:10]]
[2022.02.17-13.25.34:306][  0]LogConfig: Setting CVar [[r.Shadow.MaxResolution:2048]]
[2022.02.17-13.25.34:306][  0]LogConfig: Setting CVar [[r.Shadow.MaxCSMResolution:2048]]
[2022.02.17-13.25.34:306][  0]LogConfig: Setting CVar [[r.Shadow.RadiusThreshold:0.01]]
[2022.02.17-13.25.34:306][  0]LogConfig: Setting CVar [[r.Shadow.DistanceScale:1.0]]
[2022.02.17-13.25.34:306][  0]LogConfig: Setting CVar [[r.Shadow.CSM.TransitionScale:1.0]]
[2022.02.17-13.25.34:306][  0]LogConfig: Setting CVar [[r.Shadow.PreShadowResolutionFactor:1.0]]
[2022.02.17-13.25.34:306][  0]LogConfig: Setting CVar [[r.DistanceFieldShadowing:1]]
[2022.02.17-13.25.34:306][  0]LogConfig: Setting CVar [[r.DistanceFieldAO:1]]
[2022.02.17-13.25.34:306][  0]LogConfig: Setting CVar [[r.AOQuality:2]]
[2022.02.17-13.25.34:306][  0]LogConfig: Setting CVar [[r.VolumetricFog:1]]
[2022.02.17-13.25.34:306][  0]LogConfig: Setting CVar [[r.VolumetricFog.GridPixelSize:8]]
[2022.02.17-13.25.34:306][  0]LogConfig: Setting CVar [[r.VolumetricFog.GridSizeZ:128]]
[2022.02.17-13.25.34:306][  0]LogConfig: Setting CVar [[r.VolumetricFog.HistoryMissSupersampleCount:4]]
[2022.02.17-13.25.34:306][  0]LogConfig: Setting CVar [[r.LightMaxDrawDistanceScale:1]]
[2022.02.17-13.25.34:306][  0]LogConfig: Setting CVar [[r.CapsuleShadows:1]]
[2022.02.17-13.25.34:306][  0]LogConfig: Applying CVar settings from Section [PostProcessQuality@3] File [D:/Git/ToonTank/ToonTank/Saved/Config/Windows/Scalability.ini]
[2022.02.17-13.25.34:306][  0]LogConfig: Setting CVar [[r.MotionBlurQuality:4]]
[2022.02.17-13.25.34:306][  0]LogConfig: Setting CVar [[r.AmbientOcclusionMipLevelFactor:0.4]]
[2022.02.17-13.25.34:306][  0]LogConfig: Setting CVar [[r.AmbientOcclusionMaxQuality:100]]
[2022.02.17-13.25.34:306][  0]LogConfig: Setting CVar [[r.AmbientOcclusionLevels:-1]]
[2022.02.17-13.25.34:306][  0]LogConfig: Setting CVar [[r.AmbientOcclusionRadiusScale:1.0]]
[2022.02.17-13.25.34:306][  0]LogConfig: Setting CVar [[r.DepthOfFieldQuality:2]]
[2022.02.17-13.25.34:306][  0]LogConfig: Setting CVar [[r.RenderTargetPoolMin:400]]
[2022.02.17-13.25.34:306][  0]LogConfig: Setting CVar [[r.LensFlareQuality:2]]
[2022.02.17-13.25.34:306][  0]LogConfig: Setting CVar [[r.SceneColorFringeQuality:1]]
[2022.02.17-13.25.34:307][  0]LogConfig: Setting CVar [[r.EyeAdaptationQuality:2]]
[2022.02.17-13.25.34:307][  0]LogConfig: Setting CVar [[r.BloomQuality:5]]
[2022.02.17-13.25.34:307][  0]LogConfig: Setting CVar [[r.FastBlurThreshold:100]]
[2022.02.17-13.25.34:307][  0]LogConfig: Setting CVar [[r.Upscale.Quality:3]]
[2022.02.17-13.25.34:307][  0]LogConfig: Setting CVar [[r.Tonemapper.GrainQuantization:1]]
[2022.02.17-13.25.34:307][  0]LogConfig: Setting CVar [[r.LightShaftQuality:1]]
[2022.02.17-13.25.34:307][  0]LogConfig: Setting CVar [[r.Filter.SizeScale:1]]
[2022.02.17-13.25.34:307][  0]LogConfig: Setting CVar [[r.Tonemapper.Quality:5]]
[2022.02.17-13.25.34:307][  0]LogConfig: Setting CVar [[r.DOF.Gather.AccumulatorQuality:1        ; higher gathering accumulator quality]]
[2022.02.17-13.25.34:307][  0]LogConfig: Setting CVar [[r.DOF.Gather.PostfilterMethod:1          ; Median3x3 postfilering method]]
[2022.02.17-13.25.34:307][  0]LogConfig: Setting CVar [[r.DOF.Gather.EnableBokehSettings:0       ; no bokeh simulation when gathering]]
[2022.02.17-13.25.34:307][  0]LogConfig: Setting CVar [[r.DOF.Gather.RingCount:4                 ; medium number of samples when gathering]]
[2022.02.17-13.25.34:307][  0]LogConfig: Setting CVar [[r.DOF.Scatter.ForegroundCompositing:1    ; additive foreground scattering]]
[2022.02.17-13.25.34:307][  0]LogConfig: Setting CVar [[r.DOF.Scatter.BackgroundCompositing:2    ; additive background scattering]]
[2022.02.17-13.25.34:307][  0]LogConfig: Setting CVar [[r.DOF.Scatter.EnableBokehSettings:1      ; bokeh simulation when scattering]]
[2022.02.17-13.25.34:307][  0]LogConfig: Setting CVar [[r.DOF.Scatter.MaxSpriteRatio:0.1         ; only a maximum of 10% of scattered bokeh]]
[2022.02.17-13.25.34:307][  0]LogConfig: Setting CVar [[r.DOF.Recombine.Quality:1                ; cheap slight out of focus]]
[2022.02.17-13.25.34:307][  0]LogConfig: Setting CVar [[r.DOF.Recombine.EnableBokehSettings:0    ; no bokeh simulation on slight out of focus]]
[2022.02.17-13.25.34:307][  0]LogConfig: Setting CVar [[r.DOF.TemporalAAQuality:1                ; more stable temporal accumulation]]
[2022.02.17-13.25.34:307][  0]LogConfig: Setting CVar [[r.DOF.Kernel.MaxForegroundRadius:0.025]]
[2022.02.17-13.25.34:307][  0]LogConfig: Setting CVar [[r.DOF.Kernel.MaxBackgroundRadius:0.025]]
[2022.02.17-13.25.34:307][  0]LogConfig: Applying CVar settings from Section [TextureQuality@3] File [D:/Git/ToonTank/ToonTank/Saved/Config/Windows/Scalability.ini]
[2022.02.17-13.25.34:307][  0]LogConfig: Setting CVar [[r.Streaming.MipBias:0]]
[2022.02.17-13.25.34:307][  0]LogConfig: Setting CVar [[r.Streaming.AmortizeCPUToGPUCopy:0]]
[2022.02.17-13.25.34:308][  0]LogConfig: Setting CVar [[r.Streaming.MaxNumTexturesToStreamPerFrame:0]]
[2022.02.17-13.25.34:308][  0]LogConfig: Setting CVar [[r.Streaming.Boost:1]]
[2022.02.17-13.25.34:308][  0]LogConfig: Setting CVar [[r.MaxAnisotropy:8]]
[2022.02.17-13.25.34:308][  0]LogConfig: Setting CVar [[r.VT.MaxAnisotropy:8]]
[2022.02.17-13.25.34:308][  0]LogConfig: Setting CVar [[r.Streaming.LimitPoolSizeToVRAM:0]]
[2022.02.17-13.25.34:308][  0]LogConfig: Setting CVar [[r.Streaming.PoolSize:1000]]
[2022.02.17-13.25.34:308][  0]LogConfig: Setting CVar [[r.Streaming.MaxEffectiveScreenSize:0]]
[2022.02.17-13.25.34:308][  0]LogConfig: Applying CVar settings from Section [EffectsQuality@3] File [D:/Git/ToonTank/ToonTank/Saved/Config/Windows/Scalability.ini]
[2022.02.17-13.25.34:308][  0]LogConfig: Setting CVar [[r.TranslucencyLightingVolumeDim:64]]
[2022.02.17-13.25.34:308][  0]LogConfig: Setting CVar [[r.RefractionQuality:2]]
[2022.02.17-13.25.34:308][  0]LogConfig: Setting CVar [[r.SSR.Quality:3]]
[2022.02.17-13.25.34:308][  0]LogConfig: Setting CVar [[r.SSR.HalfResSceneColor:0]]
[2022.02.17-13.25.34:308][  0]LogConfig: Setting CVar [[r.SceneColorFormat:4]]
[2022.02.17-13.25.34:308][  0]LogConfig: Setting CVar [[r.DetailMode:2]]
[2022.02.17-13.25.34:308][  0]LogConfig: Setting CVar [[r.TranslucencyVolumeBlur:1]]
[2022.02.17-13.25.34:308][  0]LogConfig: Setting CVar [[r.MaterialQualityLevel:1 ; High quality]]
[2022.02.17-13.25.34:308][  0]LogConfig: Setting CVar [[r.SSS.Scale:1]]
[2022.02.17-13.25.34:308][  0]LogConfig: Setting CVar [[r.SSS.SampleSet:2]]
[2022.02.17-13.25.34:308][  0]LogConfig: Setting CVar [[r.SSS.Quality:1]]
[2022.02.17-13.25.34:308][  0]LogConfig: Setting CVar [[r.SSS.HalfRes:0]]
[2022.02.17-13.25.34:308][  0]LogConfig: Setting CVar [[r.SSGI.Quality:3]]
[2022.02.17-13.25.34:308][  0]LogConfig: Setting CVar [[r.EmitterSpawnRateScale:1.0]]
[2022.02.17-13.25.34:308][  0]LogConfig: Setting CVar [[r.ParticleLightQuality:2]]
[2022.02.17-13.25.34:308][  0]LogConfig: Setting CVar [[r.SkyAtmosphere.AerialPerspectiveLUT.FastApplyOnOpaque:1 ; Always have FastSkyLUT 1 in this case to avoid wrong sky]]
[2022.02.17-13.25.34:309][  0]LogConfig: Setting CVar [[r.SkyAtmosphere.AerialPerspectiveLUT.SampleCountPerSlice:1]]
[2022.02.17-13.25.34:309][  0]LogConfig: Setting CVar [[r.SkyAtmosphere.AerialPerspectiveLUT.DepthResolution:16.0]]
[2022.02.17-13.25.34:309][  0]LogConfig: Setting CVar [[r.SkyAtmosphere.FastSkyLUT:1]]
[2022.02.17-13.25.34:309][  0]LogConfig: Setting CVar [[r.SkyAtmosphere.FastSkyLUT.SampleCountMin:4.0]]
[2022.02.17-13.25.34:309][  0]LogConfig: Setting CVar [[r.SkyAtmosphere.FastSkyLUT.SampleCountMax:32.0]]
[2022.02.17-13.25.34:309][  0]LogConfig: Setting CVar [[r.SkyAtmosphere.SampleCountMin:4.0]]
[2022.02.17-13.25.34:309][  0]LogConfig: Setting CVar [[r.SkyAtmosphere.SampleCountMax:32.0]]
[2022.02.17-13.25.34:309][  0]LogConfig: Setting CVar [[r.SkyAtmosphere.TransmittanceLUT.UseSmallFormat:0]]
[2022.02.17-13.25.34:309][  0]LogConfig: Setting CVar [[r.SkyAtmosphere.TransmittanceLUT.SampleCount:10.0]]
[2022.02.17-13.25.34:309][  0]LogConfig: Setting CVar [[r.SkyAtmosphere.MultiScatteringLUT.SampleCount:15.0]]
[2022.02.17-13.25.34:309][  0]LogConfig: Applying CVar settings from Section [FoliageQuality@3] File [D:/Git/ToonTank/ToonTank/Saved/Config/Windows/Scalability.ini]
[2022.02.17-13.25.34:309][  0]LogConfig: Setting CVar [[foliage.DensityScale:1.0]]
[2022.02.17-13.25.34:309][  0]LogConfig: Setting CVar [[grass.DensityScale:1.0]]
[2022.02.17-13.25.34:309][  0]LogConfig: Applying CVar settings from Section [ShadingQuality@3] File [D:/Git/ToonTank/ToonTank/Saved/Config/Windows/Scalability.ini]
[2022.02.17-13.25.34:309][  0]LogConfig: Setting CVar [[r.HairStrands.SkyLighting.SampleCount:16]]
[2022.02.17-13.25.34:309][  0]LogConfig: Setting CVar [[r.HairStrands.SkyLighting.JitterIntegration:0]]
[2022.02.17-13.25.34:309][  0]LogConfig: Setting CVar [[r.HairStrands.SkyAO.SampleCount:16]]
[2022.02.17-13.25.34:309][  0]LogConfig: Setting CVar [[r.HairStrands.DeepShadow.SuperSampling:0]]
[2022.02.17-13.25.34:309][  0]LogConfig: Setting CVar [[r.HairStrands.VisibilityPPLL:0]]
[2022.02.17-13.25.34:309][  0]LogConfig: Setting CVar [[r.HairStrands.RasterizationScale:0.5]]
[2022.02.17-13.25.34:309][  0]LogConfig: Setting CVar [[r.HairStrands.VelocityRasterizationScale:1]]
[2022.02.17-13.25.34:309][  0]LogConfig: Applying CVar settings from Section [Startup] File [../../../Engine/Config/ConsoleVariables.ini]
[2022.02.17-13.25.34:310][  0]LogConfig: Setting CVar [[net.UseAdaptiveNetUpdateFrequency:0]]
[2022.02.17-13.25.34:310][  0]LogConfig: Setting CVar [[p.chaos.AllowCreatePhysxBodies:1]]
[2022.02.17-13.25.34:310][  0]LogConfig: Setting CVar [[fx.SkipVectorVMBackendOptimizations:1]]
[2022.02.17-13.25.34:310][  0]LogConfig: Applying CVar settings from Section [ConsoleVariables] File [D:/Git/ToonTank/ToonTank/Saved/Config/Windows/Engine.ini]
[2022.02.17-13.25.34:310][  0]LogInit: Computer: DESKTOP-JH33GH5
[2022.02.17-13.25.34:310][  0]LogInit: User: hajna
[2022.02.17-13.25.34:310][  0]LogInit: CPU Page size=4096, Cores=4
[2022.02.17-13.25.34:310][  0]LogInit: High frequency timer resolution =10.000000 MHz
[2022.02.17-13.25.34:310][  0]LogMemory: Memory total: Physical=15.9GB (16GB approx)
[2022.02.17-13.25.34:310][  0]LogMemory: Platform Memory Stats for Windows
[2022.02.17-13.25.34:310][  0]LogMemory: Process Physical Memory: 117.14 MB used, 117.15 MB peak
[2022.02.17-13.25.34:310][  0]LogMemory: Process Virtual Memory: 104.23 MB used, 104.23 MB peak
[2022.02.17-13.25.34:310][  0]LogMemory: Physical Memory: 11230.33 MB used,  5086.81 MB free, 16317.14 MB total
[2022.02.17-13.25.34:310][  0]LogMemory: Virtual Memory: 5153.25 MB used,  134212576.00 MB free, 134217728.00 MB total
[2022.02.17-13.25.34:323][  0]LogWindows: WindowsPlatformFeatures enabled
[2022.02.17-13.25.34:453][  0]LogInit: Physics initialised using underlying interface: PhysX
[2022.02.17-13.25.34:454][  0]LogInit: Using OS detected language (fr-FR).
[2022.02.17-13.25.34:454][  0]LogInit: Using OS detected locale (fr-FR).
[2022.02.17-13.25.34:456][  0]LogTextLocalizationManager: No specific localization for 'fr-FR' exists, so the 'fr' localization will be used.
[2022.02.17-13.25.34:457][  0]LogTextLocalizationResource: LocRes '../../../Engine/Content/Localization/Editor/fr/Editor.locres' could not be opened for reading!
[2022.02.17-13.25.34:457][  0]LogTextLocalizationResource: LocRes '../../../Engine/Content/Localization/EditorTutorials/fr/EditorTutorials.locres' could not be opened for reading!
[2022.02.17-13.25.34:457][  0]LogTextLocalizationResource: LocRes '../../../Engine/Content/Localization/Keywords/fr/Keywords.locres' could not be opened for reading!
[2022.02.17-13.25.34:457][  0]LogTextLocalizationResource: LocRes '../../../Engine/Content/Localization/Category/fr/Category.locres' could not be opened for reading!
[2022.02.17-13.25.34:457][  0]LogTextLocalizationResource: LocRes '../../../Engine/Content/Localization/ToolTips/fr/ToolTips.locres' could not be opened for reading!
[2022.02.17-13.25.34:457][  0]LogTextLocalizationResource: LocRes '../../../Engine/Content/Localization/PropertyNames/fr/PropertyNames.locres' could not be opened for reading!
[2022.02.17-13.25.34:457][  0]LogTextLocalizationResource: LocRes '../../../Engine/Content/Localization/Engine/fr/Engine.locres' could not be opened for reading!
[2022.02.17-13.25.34:458][  0]LogInit: Setting process to per monitor DPI aware
[2022.02.17-13.25.34:513][  0]LogSlate: New Slate User Created.  User Index 0, Is Virtual User: 0
[2022.02.17-13.25.34:513][  0]LogSlate: Slate User Registered.  User Index 0, Is Virtual User: 0
[2022.02.17-13.25.34:708][  0]LogHMD: Failed to initialize OpenVR with code 110
[2022.02.17-13.25.34:708][  0]LogD3D11RHI: D3D11 min allowed feature level: 11_0
[2022.02.17-13.25.34:708][  0]LogD3D11RHI: D3D11 max allowed feature level: 11_0
[2022.02.17-13.25.34:708][  0]LogD3D11RHI: D3D11 adapters:
[2022.02.17-13.25.34:822][  0]LogD3D11RHI:    0. 'NVIDIA GeForce GTX 1080 Ti' (Feature Level 11_0)
[2022.02.17-13.25.34:822][  0]LogD3D11RHI:       11128/0/8158 MB DedicatedVideo/DedicatedSystem/SharedSystem, Outputs:2, VendorId:0x10de
[2022.02.17-13.25.34:827][  0]LogD3D11RHI:    1. 'Microsoft Basic Render Driver' (Feature Level 11_0)
[2022.02.17-13.25.34:827][  0]LogD3D11RHI:       0/0/8158 MB DedicatedVideo/DedicatedSystem/SharedSystem, Outputs:0, VendorId:0x1414
[2022.02.17-13.25.34:827][  0]LogD3D11RHI: Chosen D3D11 Adapter: 0
[2022.02.17-13.25.34:834][  0]LogD3D11RHI: Creating new Direct3DDevice
[2022.02.17-13.25.34:835][  0]LogD3D11RHI:     GPU DeviceId: 0x1b06 (for the marketing name, search the web for "GPU Device Id")
[2022.02.17-13.25.34:835][  0]LogWindows: EnumDisplayDevices:
[2022.02.17-13.25.34:835][  0]LogWindows:    0. 'NVIDIA GeForce GTX 1080 Ti' (P:1 D:1)
[2022.02.17-13.25.34:835][  0]LogWindows:    1. 'NVIDIA GeForce GTX 1080 Ti' (P:0 D:1)
[2022.02.17-13.25.34:835][  0]LogWindows:    2. 'NVIDIA GeForce GTX 1080 Ti' (P:0 D:0)
[2022.02.17-13.25.34:836][  0]LogWindows:    3. 'NVIDIA GeForce GTX 1080 Ti' (P:0 D:0)
[2022.02.17-13.25.34:836][  0]LogWindows: DebugString: FoundDriverCount:4 
[2022.02.17-13.25.34:836][  0]LogD3D11RHI:     Adapter Name: NVIDIA GeForce GTX 1080 Ti
[2022.02.17-13.25.34:836][  0]LogD3D11RHI:   Driver Version: 511.65 (internal:30.0.15.1165, unified:511.65)
[2022.02.17-13.25.34:836][  0]LogD3D11RHI:      Driver Date: 1-28-2022
[2022.02.17-13.25.34:836][  0]LogRHI: Texture pool is 7789 MB (70% of 11128 MB)
[2022.02.17-13.25.34:890][  0]LogD3D11RHI: RHI has support for 64 bit atomics
[2022.02.17-13.25.34:890][  0]LogD3D11RHI: Async texture creation enabled
[2022.02.17-13.25.34:890][  0]LogD3D11RHI: Array index from any shader is supported
[2022.02.17-13.25.34:911][  0]LogD3D11RHI: GPU Timing Frequency: 1000.000000 (Debug: 2 1)
[2022.02.17-13.25.35:208][  0]LogTargetPlatformManager: Display: Loaded TargetPlatform 'AllDesktop'
[2022.02.17-13.25.35:229][  0]LogTargetPlatformManager: Display: Loaded TargetPlatform 'Android'
[2022.02.17-13.25.35:229][  0]LogTargetPlatformManager: Display: Loaded TargetPlatform 'Android_ASTC'
[2022.02.17-13.25.35:229][  0]LogTargetPlatformManager: Display: Loaded TargetPlatform 'Android_DXT'
[2022.02.17-13.25.35:229][  0]LogTargetPlatformManager: Display: Loaded TargetPlatform 'Android_ETC2'
[2022.02.17-13.25.35:229][  0]LogTargetPlatformManager: Display: Loaded TargetPlatform 'AndroidClient'
[2022.02.17-13.25.35:230][  0]LogTargetPlatformManager: Display: Loaded TargetPlatform 'Android_ASTCClient'
[2022.02.17-13.25.35:230][  0]LogTargetPlatformManager: Display: Loaded TargetPlatform 'Android_DXTClient'
[2022.02.17-13.25.35:230][  0]LogTargetPlatformManager: Display: Loaded TargetPlatform 'Android_ETC2Client'
[2022.02.17-13.25.35:230][  0]LogTargetPlatformManager: Display: Loaded TargetPlatform 'Android_Multi'
[2022.02.17-13.25.35:230][  0]LogTargetPlatformManager: Display: Loaded TargetPlatform 'Android_MultiClient'
[2022.02.17-13.25.35:257][  0]LogTargetPlatformManager: Display: Loaded TargetPlatform 'IOSClient'
[2022.02.17-13.25.35:257][  0]LogTargetPlatformManager: Display: Loaded TargetPlatform 'IOS'
[2022.02.17-13.25.35:266][  0]LogTargetPlatformManager: Display: Loaded TargetPlatform 'Linux'
[2022.02.17-13.25.35:276][  0]LogTargetPlatformManager: Display: Loaded TargetPlatform 'LinuxNoEditor'
[2022.02.17-13.25.35:285][  0]LogTargetPlatformManager: Display: Loaded TargetPlatform 'LinuxClient'
[2022.02.17-13.25.35:294][  0]LogTargetPlatformManager: Display: Loaded TargetPlatform 'LinuxServer'
[2022.02.17-13.25.35:304][  0]LogTargetPlatformManager: Display: Loaded TargetPlatform 'LinuxAArch64NoEditor'
[2022.02.17-13.25.35:313][  0]LogTargetPlatformManager: Display: Loaded TargetPlatform 'LinuxAArch64Client'
[2022.02.17-13.25.35:324][  0]LogTargetPlatformManager: Display: Loaded TargetPlatform 'LinuxAArch64Server'
[2022.02.17-13.25.35:345][  0]LogTargetPlatformManager: Display: Loaded TargetPlatform 'Lumin'
[2022.02.17-13.25.35:346][  0]LogTargetPlatformManager: Display: Loaded TargetPlatform 'LuminClient'
[2022.02.17-13.25.35:359][  0]LogTargetPlatformManager: Display: Loaded TargetPlatform 'TVOSClient'
[2022.02.17-13.25.35:359][  0]LogTargetPlatformManager: Display: Loaded TargetPlatform 'TVOS'
[2022.02.17-13.25.35:369][  0]LogTargetPlatformManager: Display: Loaded TargetPlatform 'WindowsNoEditor'
[2022.02.17-13.25.35:378][  0]LogTargetPlatformManager: Display: Loaded TargetPlatform 'Windows'
[2022.02.17-13.25.35:390][  0]LogTargetPlatformManager: Display: Loaded TargetPlatform 'WindowsClient'
[2022.02.17-13.25.35:401][  0]LogTargetPlatformManager: Display: Loaded TargetPlatform 'WindowsServer'
[2022.02.17-13.25.35:401][  0]LogTargetPlatformManager: Display: Building Assets For Windows
[2022.02.17-13.25.35:420][  0]LogAudioDebug: Display: Lib vorbis DLL was dynamically loaded.
[2022.02.17-13.25.35:530][  0]LogShaderCompilers: Guid format shader working directory is 12 characters bigger than the processId version (../../../../Git/ToonTank/ToonTank/Intermediate/Shaders/WorkingDirectory/25640/).
[2022.02.17-13.25.35:530][  0]LogShaderCompilers: Cleaned the shader compiler working directory 'C:/Users/hajna/AppData/Local/Temp/UnrealShaderWorkingDir/B1E2A3934D4BBF7C8F16EAB483670B51/'.
[2022.02.17-13.25.35:530][  0]LogXGEController: Cleaning working directory: C:/Users/hajna/AppData/Local/Temp/UnrealXGEWorkingDir/
[2022.02.17-13.25.35:531][  0]LogXGEController: Cannot use XGE Controller as Incredibuild is not installed on this machine.
[2022.02.17-13.25.35:531][  0]LogShaderCompilers: Cannot use XGE Shader Compiler as Incredibuild is not installed on this machine.
[2022.02.17-13.25.35:531][  0]LogShaderCompilers: Display: Using Local Shader Compiler.
[2022.02.17-13.25.36:150][  0]LogDerivedDataCache: Display: Max Cache Size: 512 MB
[2022.02.17-13.25.36:198][  0]LogDerivedDataCache: Loaded boot cache 0.05s 75MB C:/Users/hajna/AppData/Local/UnrealEngine/4.25/DerivedDataCache/Boot.ddc.
[2022.02.17-13.25.36:199][  0]LogDerivedDataCache: Display: Loaded Boot cache: C:/Users/hajna/AppData/Local/UnrealEngine/4.25/DerivedDataCache/Boot.ddc
[2022.02.17-13.25.36:199][  0]LogDerivedDataCache: FDerivedDataBackendGraph:  Pak pak cache file ../../../../Git/ToonTank/ToonTank/DerivedDataCache/DDC.ddp not found, will not use a pak cache.
[2022.02.17-13.25.36:199][  0]LogDerivedDataCache: Unable to find inner node Pak for hierarchical cache Hierarchy.
[2022.02.17-13.25.36:199][  0]LogDerivedDataCache: FDerivedDataBackendGraph:  CompressedPak pak cache file ../../../../Git/ToonTank/ToonTank/DerivedDataCache/Compressed.ddp not found, will not use a pak cache.
[2022.02.17-13.25.36:199][  0]LogDerivedDataCache: Unable to find inner node CompressedPak for hierarchical cache Hierarchy.
[2022.02.17-13.25.36:207][  0]LogDerivedDataCache: Display: Pak cache opened for reading ../../../Engine/DerivedDataCache/Compressed.ddp.
[2022.02.17-13.25.36:207][  0]LogDerivedDataCache: FDerivedDataBackendGraph:  EnterprisePak pak cache file ../../../Enterprise/DerivedDataCache/Compressed.ddp not found, will not use a pak cache.
[2022.02.17-13.25.36:207][  0]LogDerivedDataCache: Unable to find inner node EnterprisePak for hierarchical cache Hierarchy.
[2022.02.17-13.25.36:209][  0]LogDerivedDataCache: Using Local data cache path C:/Users/hajna/AppData/Local/UnrealEngine/Common/DerivedDataCache: Writable
[2022.02.17-13.25.36:209][  0]LogDerivedDataCache: Shared data cache path not found in *engine.ini, will not use an Shared cache.
[2022.02.17-13.25.36:209][  0]LogDerivedDataCache: Unable to find inner node Shared for hierarchical cache Hierarchy.
[2022.02.17-13.25.36:251][  0]LogSlate: Using FreeType 2.10.0
[2022.02.17-13.25.36:252][  0]LogSlate: SlateFontServices - WITH_FREETYPE: 1, WITH_HARFBUZZ: 1
[2022.02.17-13.25.36:279][  0]LogAssetRegistry: FAssetRegistry took 0.0040 seconds to start up
[2022.02.17-13.25.36:474][  0]LogInit: Selected Device Profile: [Windows]
[2022.02.17-13.25.36:588][  0]LogMeshReduction: Using QuadricMeshReduction for automatic static mesh reduction
[2022.02.17-13.25.36:588][  0]LogMeshReduction: Using SimplygonMeshReduction for automatic skeletal mesh reduction
[2022.02.17-13.25.36:588][  0]LogMeshReduction: Using ProxyLODMeshReduction for automatic mesh merging
[2022.02.17-13.25.36:588][  0]LogMeshReduction: No distributed automatic mesh merging module available
[2022.02.17-13.25.36:588][  0]LogMeshMerging: No distributed automatic mesh merging module available
[2022.02.17-13.25.36:603][  0]LogNetVersion: ToonTank 1.0.0, NetCL: 13144385, EngineNetVer: 14, GameNetVer: 0 (Checksum: 3237900624)
[2022.02.17-13.25.36:958][  0]LogAISub: UAISubsystem::UAISubsystem AISubsystem (000001E689966640), frame # 0
[2022.02.17-13.25.36:958][  0]LogAISub: UAISubsystem::UAISubsystem AIPerceptionSystem (000001E6898FB740), frame # 0
[2022.02.17-13.25.36:959][  0]LogAISub: UAISubsystem::UAISubsystem EnvQueryManager (000001E68994DE00), frame # 0
[2022.02.17-13.25.36:995][  0]LogPackageLocalizationCache: Processed 19 localized package path(s) for 1 prioritized culture(s) in 0.031002 seconds
[2022.02.17-13.25.36:999][  0]LogUObjectArray: 15917 objects as part of root set at end of initial load.
[2022.02.17-13.25.36:999][  0]LogUObjectAllocator: 3965568 out of 0 bytes used by permanent object pool.
[2022.02.17-13.25.36:999][  0]LogUObjectArray: CloseDisregardForGC: 0/0 objects in disregard for GC pool
[2022.02.17-13.25.37:436][  0]LogTcpMessaging: Initializing TcpMessaging bridge
[2022.02.17-13.25.37:442][  0]LogUdpMessaging: Initializing bridge on interface 0.0.0.0:0 to multicast group 230.0.0.1:6666.
[2022.02.17-13.25.37:593][  0]SourceControl: Source control is disabled
[2022.02.17-13.25.37:593][  0]SourceControl: Source control is disabled
[2022.02.17-13.25.37:598][  0]SourceControl: Source control is disabled
[2022.02.17-13.25.37:604][  0]SourceControl: Source control is disabled
[2022.02.17-13.25.37:613][  0]SourceControl: Source control is disabled
[2022.02.17-13.25.37:960][  0]LogAndroidPermission: UAndroidPermissionCallbackProxy::GetInstance
[2022.02.17-13.25.37:993][  0]LogAudioCaptureCore: Display: No Audio Capture implementations found. Audio input will be silent.
[2022.02.17-13.25.37:993][  0]LogAudioCaptureCore: Display: No Audio Capture implementations found. Audio input will be silent.
[2022.02.17-13.25.38:051][  0]LogOcInput: OculusInput pre-init called
[2022.02.17-13.25.38:067][  0]LogWindows: Failed to load 'OVRPlugin.dll' (GetLastError=126)
[2022.02.17-13.25.38:067][  0]LogWindows: File 'OVRPlugin.dll' does not exist
[2022.02.17-13.25.38:133][  0]LogEngine: Initializing Engine...
[2022.02.17-13.25.38:134][  0]LogHMD: Failed to initialize OpenVR with code 110
[2022.02.17-13.25.38:134][  0]LogMagicLeap: Warning: VR disabled because ZI is not enabled.  To enable, in the editor, Edit -> Project Settings -> Plugins -> Magic Leap Plugin -> Enable Zero Iteration
[2022.02.17-13.25.38:135][  0]LogStats: UGameplayTagsManager::InitializeManager -  0.000 s
[2022.02.17-13.25.38:234][  0]LogInit: Initializing FReadOnlyCVARCache
[2022.02.17-13.25.38:245][  0]LogAIModule: Creating AISystem for world Untitled
[2022.02.17-13.25.38:245][  0]LogAISub: UAISubsystem::UAISubsystem EnvQueryManager (000001E68C92BC00), frame # 0
[2022.02.17-13.25.38:245][  0]LogAISub: UAISubsystem::UAISubsystem AIPerceptionSystem (000001E68C980A40), frame # 0
[2022.02.17-13.25.38:263][  0]LogAudioMixer: Display: Audio Mixer Platform Settings:
[2022.02.17-13.25.38:263][  0]LogAudioMixer: Display: 	Sample Rate:						  48000
[2022.02.17-13.25.38:263][  0]LogAudioMixer: Display: 	Callback Buffer Frame Size Requested: 1024
[2022.02.17-13.25.38:263][  0]LogAudioMixer: Display: 	Callback Buffer Frame Size To Use:	  1024
[2022.02.17-13.25.38:263][  0]LogAudioMixer: Display: 	Number of buffers to queue:			  2
[2022.02.17-13.25.38:263][  0]LogAudioMixer: Display: 	Max Channels (voices):				  32
[2022.02.17-13.25.38:263][  0]LogAudioMixer: Display: 	Number of Async Source Workers:		  0
[2022.02.17-13.25.38:263][  0]LogAudio: Display: AudioDevice MaxSources: 32
[2022.02.17-13.25.38:263][  0]LogAudio: Display: Using built-in audio occlusion.
[2022.02.17-13.25.38:264][  0]LogAudioMixer: Display: Initializing audio mixer.
[2022.02.17-13.25.38:288][  0]LogAudioMixer: Display: 0: FrontLeft
[2022.02.17-13.25.38:288][  0]LogAudioMixer: Display: 1: FrontRight
[2022.02.17-13.25.38:288][  0]LogAudioMixer: Display: 2: FrontCenter
[2022.02.17-13.25.38:288][  0]LogAudioMixer: Display: 3: LowFrequency
[2022.02.17-13.25.38:288][  0]LogAudioMixer: Display: 4: BackLeft
[2022.02.17-13.25.38:288][  0]LogAudioMixer: Display: 5: BackRight
[2022.02.17-13.25.38:338][  0]LogAudioMixer: Display: Using Audio Device Haut-parleurs (Sound BlasterX AE-5)
[2022.02.17-13.25.38:340][  0]LogAudioMixer: Display: Initializing Sound Submixes...
[2022.02.17-13.25.38:342][  0]LogAudioMixer: Display: Creating Master Submix 'MasterSubmixDefault'
[2022.02.17-13.25.38:342][  0]LogAudioMixer: Display: Creating Master Submix 'MasterReverbSubmixDefault'
[2022.02.17-13.25.38:343][  0]LogAudioMixer: Display: Creating Master Submix 'MasterEQSubmixDefault'
[2022.02.17-13.25.38:345][  0]LogInit: FAudioDevice initialized.
[2022.02.17-13.25.38:345][  0]LogNetVersion: Set ProjectVersion to 1.0.0.0. Version Checksum will be recalculated on next use.
[2022.02.17-13.25.38:410][  0]LogDerivedDataCache: Saved boot cache 0.06s 75MB C:/Users/hajna/AppData/Local/UnrealEngine/4.25/DerivedDataCache/Boot.ddc.
[2022.02.17-13.25.38:411][  0]LogInit: Texture streaming: Enabled
[2022.02.17-13.25.38:579][  0]LogEngineSessionManager: EngineSessionManager initialized
[2022.02.17-13.25.38:582][  0]LogEngineSessionManager: EngineSessionManager sent abnormal shutdown report. Type=Debugger, SessionId={19CDA053-4A17-A93D-D3A7-649105ED8C34}
[2022.02.17-13.25.38:582][  0]LogEditorSessionSummary: Verbose: Initializing EditorSessionSummaryWriter for editor session tracking
[2022.02.17-13.25.38:602][  0]LogEditorSessionSummary: EditorSessionSummaryWriter initialized
[2022.02.17-13.25.38:634][  0]LogInit: Transaction tracking system initialized
[2022.02.17-13.25.38:670][  0]BlueprintLog: New page: Editor Load
[2022.02.17-13.25.38:768][  0]LocalizationService: Localization service is disabled
[2022.02.17-13.25.38:929][  0]LogCook: Display: Max memory allowance for cook 16384mb min free memory 0mb
[2022.02.17-13.25.38:929][  0]LogCook: Display: Mobile HDR setting 1
[2022.02.17-13.25.39:121][  0]LogFileCache: Scanning file cache for directory 'D:/Git/ToonTank/ToonTank/Content/' took 0.01s
[2022.02.17-13.25.39:338][  0]SourceControl: Source control is disabled
[2022.02.17-13.25.39:339][  0]LogUnrealEdMisc: Loading editor; pre map load, took 7.166
[2022.02.17-13.25.39:339][  0]Cmd: MAP LOAD FILE="../../../../Git/ToonTank/ToonTank/Content/Maps/Main.umap" TEMPLATE=0 SHOWPROGRESS=1 FEATURELEVEL=3
[2022.02.17-13.25.39:339][  0]LightingResults: New page: Lighting Build
[2022.02.17-13.25.39:340][  0]LogWorld: UWorld::CleanupWorld for Untitled, bSessionEnded=true, bCleanupResources=true
[2022.02.17-13.25.39:340][  0]LogSlate: InvalidateAllWidgets triggered.  All widgets were invalidated
[2022.02.17-13.25.39:340][  0]MapCheck: New page: Map Check
[2022.02.17-13.25.39:341][  0]LightingResults: New page: Lighting Build
[2022.02.17-13.25.39:348][  0]LogAISub: UAISubsystem::~UAISubsystem EnvQueryManager (000001E68C92BC00), frame # 0
[2022.02.17-13.25.39:348][  0]LogAISub: UAISubsystem::~UAISubsystem AIPerceptionSystem (000001E68C980A40), frame # 0
[2022.02.17-13.25.39:349][  0]LogUObjectHash: Compacting FUObjectHashTables data took   0.75ms
[2022.02.17-13.25.39:415][  0]LogLinker: Warning: While loading '../../../../Git/ToonTank/ToonTank/Content/Maps/Main.umap' failed to load '/Game/Maps/Main_BuiltData': Can't find file.
[2022.02.17-13.25.39:415][  0]LogLinker: Warning: While loading '../../../../Git/ToonTank/ToonTank/Content/Maps/Main.umap' failed to load '/Game/Maps/Main_BuiltData': Can't find file.
[2022.02.17-13.25.39:421][  0]LogLinker: Warning: While loading '../../../../Git/ToonTank/ToonTank/Content/Maps/Main.umap' failed to load '/Game/Maps/Main_BuiltData': Can't find file.
[2022.02.17-13.25.39:422][  0]LogLinker: Warning: While loading '../../../../Git/ToonTank/ToonTank/Content/Maps/Main.umap' failed to load '/Game/Maps/Main_BuiltData': Can't find file.
[2022.02.17-13.25.39:430][  0]LogLinker: Warning: While loading '../../../../Git/ToonTank/ToonTank/Content/Maps/Main.umap' failed to load '/Game/Maps/Main_BuiltData': Can't find file.
[2022.02.17-13.25.39:430][  0]LoadErrors: Failed to load /Game/Maps/Main_BuiltData.Main_BuiltData Referenced by PersistentLevel
[2022.02.17-13.25.39:430][  0]LogLinker: Warning: While loading '../../../../Git/ToonTank/ToonTank/Content/Maps/Main.umap' failed to load '/Game/Maps/Main_BuiltData': Can't find file.
[2022.02.17-13.25.39:430][  0]LoadErrors: Failed to load /Game/Maps/Main_BuiltData.Main_BuiltData Referenced by PersistentLevel
[2022.02.17-13.25.39:448][  0]LogAIModule: Creating AISystem for world Main
[2022.02.17-13.25.39:448][  0]LogAISub: UAISubsystem::UAISubsystem EnvQueryManager (000001E698F46200), frame # 0
[2022.02.17-13.25.39:449][  0]LogAISub: UAISubsystem::UAISubsystem AIPerceptionSystem (000001E688F23600), frame # 0
[2022.02.17-13.25.39:453][  0]LogEditorServer: Finished looking for orphan Actors (0.000 secs)
[2022.02.17-13.25.39:463][  0]LogUObjectHash: Compacting FUObjectHashTables data took   0.61ms
[2022.02.17-13.25.39:463][  0]Cmd: MAP CHECKDEP NOCLEARLOG
[2022.02.17-13.25.39:464][  0]MapCheck: Map check complete: 0 Error(s), 0 Warning(s), took 0,094ms to complete.
[2022.02.17-13.25.39:464][  0]LogFileHelpers: Loading map 'Main' took 0.126
[2022.02.17-13.25.39:467][  0]LogUnrealEdMisc: Total Editor Startup Time, took 7.295
[2022.02.17-13.25.39:869][  0]LogSlate: Updating window title bar state: overlay mode, drag disabled, window buttons hidden, title bar hidden
[2022.02.17-13.25.39:874][  0]LogSlate: Updating window title bar state: overlay mode, drag disabled, window buttons hidden, title bar hidden
[2022.02.17-13.25.39:880][  0]LogSlate: Updating window title bar state: overlay mode, drag disabled, window buttons hidden, title bar hidden
[2022.02.17-13.25.39:886][  0]LogSlate: Updating window title bar state: overlay mode, drag disabled, window buttons hidden, title bar hidden
[2022.02.17-13.25.39:895][  0]LogCollectionManager: Loaded 0 collections in 0.000721 seconds
[2022.02.17-13.25.39:913][  0]LogFileCache: Scanning file cache for directory 'D:/Git/ToonTank/ToonTank/Saved/Collections/' took 0.00s
[2022.02.17-13.25.39:913][  0]LogFileCache: Scanning file cache for directory 'D:/Git/ToonTank/ToonTank/Content/Developers/hajna/Collections/' took 0.00s
[2022.02.17-13.25.39:913][  0]LogFileCache: Scanning file cache for directory 'D:/Git/ToonTank/ToonTank/Content/Collections/' took 0.00s
[2022.02.17-13.25.39:913][  0]LogContentBrowser: Native class hierarchy populated in 0.0088 seconds. Added 3435 classes and 828 folders.
[2022.02.17-13.25.39:915][  0]LogContentBrowser: Native class hierarchy updated for 'WidgetCarousel' in 0.0004 seconds. Added 0 classes and 0 folders.
[2022.02.17-13.25.39:992][  0]LogContentBrowser: Native class hierarchy updated for 'AddContentDialog' in 0.0004 seconds. Added 0 classes and 0 folders.
[2022.02.17-13.25.39:993][  0]LogContentBrowser: Native class hierarchy updated for 'SceneOutliner' in 0.0004 seconds. Added 2 classes and 0 folders.
[2022.02.17-13.25.40:035][  0]LogSlate: Took 0.000250 seconds to synchronously load lazily loaded font '../../../Engine/Content/Slate/Fonts/Roboto-Regular.ttf' (155K)
[2022.02.17-13.25.40:036][  0]LogSlate: Took 0.000200 seconds to synchronously load lazily loaded font '../../../Engine/Content/Slate/Fonts/Roboto-Bold.ttf' (160K)
[2022.02.17-13.25.40:040][  0]LogSlate: Took 0.000242 seconds to synchronously load lazily loaded font '../../../Engine/Content/Editor/Slate/Fonts/FontAwesome.ttf' (139K)
[2022.02.17-13.25.40:097][  0]LogRenderer: Reallocating scene render targets to support 1208x572 Format 10 NumSamples 1 (Frame:1).
[2022.02.17-13.25.40:133][  0]LogSlate: Took 0.000205 seconds to synchronously load lazily loaded font '../../../Engine/Content/Slate/Fonts/Roboto-Light.ttf' (167K)
[2022.02.17-13.25.40:230][  0]LogSlate: Window 'Tutorials' being destroyed
[2022.02.17-13.25.40:244][  0]LogContentBrowser: Native class hierarchy updated for 'HierarchicalLODOutliner' in 0.0004 seconds. Added 0 classes and 0 folders.
[2022.02.17-13.25.40:244][  0]LogLoad: (Engine Initialization) Total time: 8.07 seconds
[2022.02.17-13.25.40:244][  0]LogLoad: (Engine Initialization) Total Blueprint compile time: 0.00 seconds
[2022.02.17-13.25.40:273][  0]LogAssetRegistry: Asset discovery search completed in 3.9959 seconds
[2022.02.17-13.25.40:276][  0]LogCollectionManager: Fixed up redirectors for 0 collections in 0.000002 seconds (updated 0 objects)
[2022.02.17-13.25.40:277][  0]LogContentStreaming: Texture pool size now 1000 MB
[2022.02.17-13.25.40:347][  0]LogSlate: Took 0.000161 seconds to synchronously load lazily loaded font '../../../Engine/Content/Slate/Fonts/DroidSansMono.ttf' (77K)
[2022.02.17-13.25.42:256][227]LogSlate: Window 'Message Log' being destroyed
[2022.02.17-13.25.42:260][227]LogSlate: Window 'Message Log' being destroyed
[2022.02.17-13.25.43:574][374]LogTemp: Repeating last play command: Selected Viewport
[2022.02.17-13.25.43:582][374]LogPlayLevel: PlayLevel: No blueprints needed recompiling
[2022.02.17-13.25.43:583][374]PIE: New page: PIE session: Main (17 févr. 2022 à 15:25:43)
[2022.02.17-13.25.43:583][374]LogOnline: OSS: Creating online subsystem instance for: NULL
[2022.02.17-13.25.43:585][374]LogOnline: OSS: TryLoadSubsystemAndSetDefault: Loaded subsystem for module [NULL]
[2022.02.17-13.25.43:585][374]LogPlayLevel: Creating play world package: /Game/Maps/UEDPIE_0_Main
[2022.02.17-13.25.43:589][374]LogPlayLevel: PIE: StaticDuplicateObject took: (0.003526s)
[2022.02.17-13.25.43:590][374]LogAIModule: Creating AISystem for world Main
[2022.02.17-13.25.43:590][374]LogAISub: UAISubsystem::UAISubsystem EnvQueryManager (000001E698F45E00), frame # 374
[2022.02.17-13.25.43:590][374]LogAISub: UAISubsystem::UAISubsystem AIPerceptionSystem (000001E6A4613240), frame # 374
[2022.02.17-13.25.43:590][374]LogPlayLevel: PIE: World Init took: (0.001341s)
[2022.02.17-13.25.43:590][374]LogPlayLevel: PIE: Created PIE world by copying editor world from /Game/Maps/Main.Main to /Game/Maps/UEDPIE_0_Main.Main (0.005174s)
[2022.02.17-13.25.43:599][374]LogUObjectHash: Compacting FUObjectHashTables data took   0.43ms
[2022.02.17-13.25.43:600][374]LogAudioMixer: Display: Audio Mixer Platform Settings:
[2022.02.17-13.25.43:600][374]LogAudioMixer: Display: 	Sample Rate:						  48000
[2022.02.17-13.25.43:600][374]LogAudioMixer: Display: 	Callback Buffer Frame Size Requested: 1024
[2022.02.17-13.25.43:601][374]LogAudioMixer: Display: 	Callback Buffer Frame Size To Use:	  1024
[2022.02.17-13.25.43:601][374]LogAudioMixer: Display: 	Number of buffers to queue:			  2
[2022.02.17-13.25.43:601][374]LogAudioMixer: Display: 	Max Channels (voices):				  32
[2022.02.17-13.25.43:601][374]LogAudioMixer: Display: 	Number of Async Source Workers:		  0
[2022.02.17-13.25.43:601][374]LogAudio: Display: AudioDevice MaxSources: 32
[2022.02.17-13.25.43:601][374]LogAudio: Display: Using built-in audio occlusion.
[2022.02.17-13.25.43:601][374]LogAudioMixer: Display: Initializing audio mixer.
[2022.02.17-13.25.43:605][374]LogAudioMixer: Display: 0: FrontLeft
[2022.02.17-13.25.43:605][374]LogAudioMixer: Display: 1: FrontRight
[2022.02.17-13.25.43:605][374]LogAudioMixer: Display: 2: FrontCenter
[2022.02.17-13.25.43:605][374]LogAudioMixer: Display: 3: LowFrequency
[2022.02.17-13.25.43:605][374]LogAudioMixer: Display: 4: BackLeft
[2022.02.17-13.25.43:605][374]LogAudioMixer: Display: 5: BackRight
[2022.02.17-13.25.43:632][374]LogAudioMixer: Display: Using Audio Device Haut-parleurs (Sound BlasterX AE-5)
[2022.02.17-13.25.43:632][374]LogAudioMixer: Display: Initializing Sound Submixes...
[2022.02.17-13.25.43:632][374]LogAudioMixer: Display: Creating Master Submix 'MasterSubmixDefault'
[2022.02.17-13.25.43:632][374]LogAudioMixer: Display: Creating Master Submix 'MasterReverbSubmixDefault'
[2022.02.17-13.25.43:632][374]LogAudioMixer: Display: Creating Master Submix 'MasterEQSubmixDefault'
[2022.02.17-13.25.43:643][374]LogInit: FAudioDevice initialized.
[2022.02.17-13.25.43:677][374]LogLoad: Game class is 'BP_GameModeBase_C'
[2022.02.17-13.25.43:679][374]LogWorld: Bringing World /Game/Maps/UEDPIE_0_Main.Main up for play (max tick rate 0) at 2022.02.17-14.25.43
[2022.02.17-13.25.43:679][374]LogWorld: Bringing up level for play took: 0.001442
[2022.02.17-13.25.43:680][374]LogOnline: OSS: Creating online subsystem instance for: :Context_1
[2022.02.17-13.25.43:684][374]LogContentBrowser: Native class hierarchy updated for 'MovieSceneCapture' in 0.0005 seconds. Added 20 classes and 0 folders.
[2022.02.17-13.25.43:893][374]PIE: Server logged in
[2022.02.17-13.25.43:894][374]PIE: Play in editor total start time 0,313 seconds.
[2022.02.17-13.25.46:619][698]LogWindowsTextInputMethodSystem: Display: IME system now deactivated.
[2022.02.17-13.25.46:619][698]LogWindowsTextInputMethodSystem: Display: IME system now deactivated.
[2022.02.17-13.25.50:694][187]LogWindowsTextInputMethodSystem: Display: IME system now deactivated.
[2022.02.17-13.25.50:694][187]LogWindowsTextInputMethodSystem: Display: IME system now deactivated.
[2022.02.17-13.25.54:631][656]LogSlate: Updating window title bar state: overlay mode, drag disabled, window buttons hidden, title bar hidden
[2022.02.17-13.25.54:632][656]LogWorld: BeginTearingDown for /Game/Maps/UEDPIE_0_Main
[2022.02.17-13.25.54:632][656]LogWorld: UWorld::CleanupWorld for Main, bSessionEnded=true, bCleanupResources=true
[2022.02.17-13.25.54:632][656]LogSlate: InvalidateAllWidgets triggered.  All widgets were invalidated
[2022.02.17-13.25.54:644][656]LogPlayLevel: Display: Shutting down PIE online subsystems
[2022.02.17-13.25.54:645][656]LogSlate: InvalidateAllWidgets triggered.  All widgets were invalidated
[2022.02.17-13.25.54:675][656]LogSlate: Updating window title bar state: overlay mode, drag disabled, window buttons hidden, title bar hidden
[2022.02.17-13.25.54:677][656]LogAISub: UAISubsystem::~UAISubsystem EnvQueryManager (000001E698F45E00), frame # 1656
[2022.02.17-13.25.54:677][656]LogAISub: UAISubsystem::~UAISubsystem AIPerceptionSystem (000001E6A4613240), frame # 1656
[2022.02.17-13.25.54:678][656]LogUObjectHash: Compacting FUObjectHashTables data took   0.74ms
[2022.02.17-13.25.54:703][658]LogPlayLevel: Display: Destroying online subsystem :Context_1
[2022.02.17-13.27.26:099][412]LogUObjectHash: Compacting FUObjectHashTables data took   0.66ms
[2022.02.17-13.27.27:750][591]LogTemp: Repeating last play command: Standalone Game
[2022.02.17-13.27.27:765][591]LogUObjectHash: Compacting FUObjectHashTables data took   0.17ms
